2023-04-13 23:57:25,430 - INFO - run: 33 - Начинаем процедуру сортировки файлов
2023-04-13 23:57:25,430 - INFO - run: 42 - Такая папка уже есть D:\Python\Project_SP\тесты\конец\Номер ГК
2023-04-13 23:57:25,430 - INFO - run: 44 - Создаём структуру папок
2023-04-13 23:57:25,430 - INFO - run: 49 - Считываем файл выгрузки гк.xlsx
2023-04-13 23:57:25,907 - INFO - run: 61 - Создаём структуру для гк.xlsx
2023-04-13 23:57:25,907 - INFO - run: 68 - Такая папка уже есть D:\Python\Project_SP\тесты\конец\Номер ГК\Орион\00111213 В
2023-04-13 23:57:25,907 - INFO - run: 74 - Такая папка уже есть D:\Python\Project_SP\тесты\конец\Номер ГК\Орион\00111213 В\1\photo
2023-04-13 23:57:25,908 - INFO - run: 79 - Такая папка уже есть D:\Python\Project_SP\тесты\конец\Номер ГК\Орион\00111213 В\1\rentgen
2023-04-13 23:57:25,908 - INFO - run: 74 - Такая папка уже есть D:\Python\Project_SP\тесты\конец\Номер ГК\Орион\00111213 В\2\photo
2023-04-13 23:57:25,908 - INFO - run: 79 - Такая папка уже есть D:\Python\Project_SP\тесты\конец\Номер ГК\Орион\00111213 В\2\rentgen
2023-04-13 23:57:25,909 - INFO - run: 74 - Такая папка уже есть D:\Python\Project_SP\тесты\конец\Номер ГК\Орион\00111213 В\3\photo
2023-04-13 23:57:25,909 - INFO - run: 79 - Такая папка уже есть D:\Python\Project_SP\тесты\конец\Номер ГК\Орион\00111213 В\3\rentgen
2023-04-13 23:57:25,910 - INFO - run: 74 - Такая папка уже есть D:\Python\Project_SP\тесты\конец\Номер ГК\Орион\00111213 В\4\photo
2023-04-13 23:57:25,910 - INFO - run: 79 - Такая папка уже есть D:\Python\Project_SP\тесты\конец\Номер ГК\Орион\00111213 В\4\rentgen
2023-04-13 23:57:25,910 - INFO - run: 74 - Такая папка уже есть D:\Python\Project_SP\тесты\конец\Номер ГК\Орион\00111213 В\5\photo
2023-04-13 23:57:25,911 - INFO - run: 79 - Такая папка уже есть D:\Python\Project_SP\тесты\конец\Номер ГК\Орион\00111213 В\5\rentgen
2023-04-13 23:57:25,911 - INFO - run: 68 - Такая папка уже есть D:\Python\Project_SP\тесты\конец\Номер ГК\Орион\00111214 В
2023-04-13 23:57:25,911 - INFO - run: 74 - Такая папка уже есть D:\Python\Project_SP\тесты\конец\Номер ГК\Орион\00111214 В\1\photo
2023-04-13 23:57:25,912 - INFO - run: 79 - Такая папка уже есть D:\Python\Project_SP\тесты\конец\Номер ГК\Орион\00111214 В\1\rentgen
2023-04-13 23:57:25,912 - INFO - run: 74 - Такая папка уже есть D:\Python\Project_SP\тесты\конец\Номер ГК\Орион\00111214 В\2\photo
2023-04-13 23:57:25,912 - INFO - run: 79 - Такая папка уже есть D:\Python\Project_SP\тесты\конец\Номер ГК\Орион\00111214 В\2\rentgen
2023-04-13 23:57:25,913 - INFO - run: 74 - Такая папка уже есть D:\Python\Project_SP\тесты\конец\Номер ГК\Орион\00111214 В\3\photo
2023-04-13 23:57:25,913 - INFO - run: 79 - Такая папка уже есть D:\Python\Project_SP\тесты\конец\Номер ГК\Орион\00111214 В\3\rentgen
2023-04-13 23:57:25,913 - INFO - run: 74 - Такая папка уже есть D:\Python\Project_SP\тесты\конец\Номер ГК\Орион\00111214 В\4\photo
2023-04-13 23:57:25,914 - INFO - run: 79 - Такая папка уже есть D:\Python\Project_SP\тесты\конец\Номер ГК\Орион\00111214 В\4\rentgen
2023-04-13 23:57:25,914 - INFO - run: 74 - Такая папка уже есть D:\Python\Project_SP\тесты\конец\Номер ГК\Орион\00111214 В\5\photo
2023-04-13 23:57:25,914 - INFO - run: 79 - Такая папка уже есть D:\Python\Project_SP\тесты\конец\Номер ГК\Орион\00111214 В\5\rentgen
2023-04-13 23:57:25,915 - INFO - run: 68 - Такая папка уже есть D:\Python\Project_SP\тесты\конец\Номер ГК\Орион\00111215 В
2023-04-13 23:57:25,915 - INFO - run: 74 - Такая папка уже есть D:\Python\Project_SP\тесты\конец\Номер ГК\Орион\00111215 В\1\photo
2023-04-13 23:57:25,915 - INFO - run: 79 - Такая папка уже есть D:\Python\Project_SP\тесты\конец\Номер ГК\Орион\00111215 В\1\rentgen
2023-04-13 23:57:25,916 - INFO - run: 74 - Такая папка уже есть D:\Python\Project_SP\тесты\конец\Номер ГК\Орион\00111215 В\2\photo
2023-04-13 23:57:25,916 - INFO - run: 79 - Такая папка уже есть D:\Python\Project_SP\тесты\конец\Номер ГК\Орион\00111215 В\2\rentgen
2023-04-13 23:57:25,916 - INFO - run: 74 - Такая папка уже есть D:\Python\Project_SP\тесты\конец\Номер ГК\Орион\00111215 В\3\photo
2023-04-13 23:57:25,917 - INFO - run: 79 - Такая папка уже есть D:\Python\Project_SP\тесты\конец\Номер ГК\Орион\00111215 В\3\rentgen
2023-04-13 23:57:25,917 - INFO - run: 74 - Такая папка уже есть D:\Python\Project_SP\тесты\конец\Номер ГК\Орион\00111215 В\4\photo
2023-04-13 23:57:25,917 - INFO - run: 79 - Такая папка уже есть D:\Python\Project_SP\тесты\конец\Номер ГК\Орион\00111215 В\4\rentgen
2023-04-13 23:57:25,918 - INFO - run: 74 - Такая папка уже есть D:\Python\Project_SP\тесты\конец\Номер ГК\Орион\00111215 В\5\photo
2023-04-13 23:57:25,918 - INFO - run: 79 - Такая папка уже есть D:\Python\Project_SP\тесты\конец\Номер ГК\Орион\00111215 В\5\rentgen
2023-04-13 23:57:25,919 - INFO - run: 86 - Файл гк.xlsx обработан
2023-04-13 23:57:25,919 - INFO - run: 92 - Бежим по файлам СП
2023-04-13 23:57:25,919 - INFO - run: 95 - Бежим по клавиатура
2023-04-13 23:57:25,919 - INFO - run: 97 - Бежим по kw134324fdg51
2023-04-13 23:57:27,380 - INFO - run: 97 - Бежим по kw134324fdg52
2023-04-13 23:57:28,395 - INFO - run: 97 - Бежим по kw134324fdg53
2023-04-13 23:57:29,414 - INFO - run: 95 - Бежим по мышь
2023-04-13 23:57:29,414 - INFO - run: 97 - Бежим по km134324fdg51
2023-04-13 23:57:30,423 - INFO - run: 97 - Бежим по km134324fdg52
2023-04-13 23:57:31,439 - INFO - run: 97 - Бежим по km134324fdg53
2023-04-13 23:57:32,459 - INFO - run: 95 - Бежим по пк
2023-04-13 23:57:32,459 - INFO - run: 97 - Бежим по 00123456
2023-04-13 23:57:33,478 - INFO - run: 97 - Бежим по 00123457
2023-04-13 23:57:34,490 - INFO - run: 97 - Бежим по 00123458
2023-04-13 23:57:35,509 - INFO - run: 95 - Бежим по сетевой фильтр
2023-04-13 23:57:35,509 - INFO - run: 97 - Бежим по 2zxferdfg23534dfg
2023-04-13 23:57:36,522 - INFO - run: 97 - Бежим по 2zxferdfg23534dfh
2023-04-13 23:57:37,539 - INFO - run: 97 - Бежим по 2zxferdfg23534dfq
2023-04-13 23:57:38,550 - INFO - run: 95 - Бежим по типовой монитор
2023-04-13 23:57:38,550 - INFO - run: 97 - Бежим по 00111223
2023-04-13 23:57:39,572 - INFO - run: 97 - Бежим по 00111224
2023-04-13 23:57:40,582 - INFO - run: 97 - Бежим по 00111225
2023-04-13 23:57:41,602 - INFO - run: 138 - Готово
