2023-05-05 15:12:52,303 - INFO - run: 32 - 
******************************Новый прогон******************************

2023-05-05 15:12:52,303 - INFO - run: 33 - Начинаем процедуру сортировки файлов
2023-05-05 15:12:52,303 - ERROR - run: 214 - [WinError 3] Системе не удается найти указанный путь: 'D:\\Python\\Project_SP\\тесты\\конец\\12\\13\\13'
2023-05-05 15:12:52,305 - ERROR - run: 215 - Traceback (most recent call last):
  File "D:\Python\Project_SP\sorting.py", line 40, in run
    os.mkdir(pathlib.Path(self.path_finish_folder, name_finish_folder))
FileNotFoundError: [WinError 3] Системе не удается найти указанный путь: 'D:\\Python\\Project_SP\\тесты\\конец\\12\\13\\13'

2023-05-05 15:12:52,305 - INFO - run: 216 - 
******************************Конец работы******************************

2023-05-05 18:01:23,792 - INFO - run: 32 - 
******************************Новый прогон******************************

2023-05-05 18:01:23,792 - INFO - run: 33 - Начинаем процедуру сортировки файлов
2023-05-05 18:01:23,793 - INFO - run: 44 - Создаём структуру папок
2023-05-05 18:01:23,793 - INFO - run: 49 - Считываем файл выгрузки гк.xlsx
2023-05-05 18:01:24,366 - INFO - run: 61 - Создаём структуру для гк.xlsx
2023-05-05 18:01:24,376 - INFO - run: 90 - Файл гк.xlsx обработан
2023-05-05 18:01:24,376 - INFO - run: 98 - Бежим по файлам СП
2023-05-05 18:01:24,376 - INFO - run: 108 - Бежим по клавиатура
2023-05-05 18:01:24,376 - INFO - run: 110 - Бежим по kw134324fdg51
2023-05-05 18:01:24,380 - INFO - run: 143 - Копируемые файлы: 1.tiff, IMG 1.jpg
2023-05-05 18:01:24,381 - INFO - run: 110 - Бежим по kw134324fdg52
2023-05-05 18:01:24,383 - INFO - run: 143 - Копируемые файлы: 2.tiff, IMG 2.jpg
2023-05-05 18:01:24,385 - INFO - run: 110 - Бежим по kw134324fdg53
2023-05-05 18:01:24,386 - INFO - run: 143 - Копируемые файлы: 3.tiff, IMG 3.jpg
2023-05-05 18:01:24,388 - INFO - run: 108 - Бежим по мышь
2023-05-05 18:01:24,388 - INFO - run: 110 - Бежим по km134324fdg51
2023-05-05 18:01:24,390 - INFO - run: 143 - Копируемые файлы: 4.tiff, IMG 4.jpg
2023-05-05 18:01:24,391 - INFO - run: 110 - Бежим по km134324fdg52
2023-05-05 18:01:24,393 - INFO - run: 143 - Копируемые файлы: 5.tiff, IMG 5.jpg
2023-05-05 18:01:24,394 - INFO - run: 110 - Бежим по km134324fdg53
2023-05-05 18:01:24,396 - INFO - run: 143 - Копируемые файлы: 6.tiff, IMG 6.jpg
2023-05-05 18:01:24,398 - INFO - run: 108 - Бежим по пк
2023-05-05 18:01:24,398 - INFO - run: 110 - Бежим по 00123456
2023-05-05 18:01:24,400 - INFO - run: 143 - Копируемые файлы: 7.tiff, IMG 7.jpg
2023-05-05 18:01:24,401 - INFO - run: 110 - Бежим по 00123457
2023-05-05 18:01:24,403 - INFO - run: 143 - Копируемые файлы: 8.tiff, IMG 8.jpg
2023-05-05 18:01:24,404 - INFO - run: 110 - Бежим по 00123458
2023-05-05 18:01:24,406 - INFO - run: 143 - Копируемые файлы: 9.tiff, IMG 9.jpg
2023-05-05 18:01:24,407 - INFO - run: 108 - Бежим по сетевой фильтр
2023-05-05 18:01:24,408 - INFO - run: 110 - Бежим по 2zxferdfg23534dfg
2023-05-05 18:01:24,409 - INFO - run: 143 - Копируемые файлы: 10.tiff, IMG 10.jpg
2023-05-05 18:01:24,411 - INFO - run: 110 - Бежим по 2zxferdfg23534dfh
2023-05-05 18:01:24,413 - INFO - run: 143 - Копируемые файлы: 11.tiff, IMG 11.jpg
2023-05-05 18:01:24,414 - INFO - run: 110 - Бежим по 2zxferdfg23534dfq
2023-05-05 18:01:24,416 - INFO - run: 143 - Копируемые файлы: 12.tiff, IMG 12.jpg
2023-05-05 18:01:24,417 - INFO - run: 108 - Бежим по типовой монитор
2023-05-05 18:01:24,418 - INFO - run: 110 - Бежим по 00111223
2023-05-05 18:01:24,420 - INFO - run: 143 - Копируемые файлы: 13.tiff, IMG 13.jpg
2023-05-05 18:01:24,421 - INFO - run: 110 - Бежим по 00111224
2023-05-05 18:01:24,423 - INFO - run: 143 - Копируемые файлы: 14.tiff, IMG 14.jpg
2023-05-05 18:01:24,424 - INFO - run: 110 - Бежим по 00111225
2023-05-05 18:01:24,426 - INFO - run: 143 - Копируемые файлы: 15.tiff, IMG 15.jpg
2023-05-05 18:01:24,428 - INFO - info_spk_copy: 177 - Перемещаем
D:\Python\Project_SP\тесты\начало\info_00111213.docx\info_00111213.docx
в
D:\Python\Project_SP\тесты\конец\Номер ГК\Орион\00111213 В\info_00111213.docx
2023-05-05 18:01:24,429 - INFO - info_spk_copy: 177 - Перемещаем
D:\Python\Project_SP\тесты\начало\info_00111214.docx\info_00111214.docx
в
D:\Python\Project_SP\тесты\конец\Номер ГК\Орион\00111214 В\info_00111214.docx
2023-05-05 18:01:24,430 - INFO - info_spk_copy: 177 - Перемещаем
D:\Python\Project_SP\тесты\начало\info_00111215.docx\info_00111215.docx
в
D:\Python\Project_SP\тесты\конец\Номер ГК\Орион\00111215 В\info_00111215.docx
2023-05-05 18:01:24,430 - INFO - info_spk_copy: 177 - Перемещаем
D:\Python\Project_SP\тесты\начало\SPK_00111213.txt\SPK_00111213.txt
в
D:\Python\Project_SP\тесты\конец\Номер ГК\Орион\00111213 В\SPK_00111213.txt
2023-05-05 18:01:24,432 - INFO - info_spk_copy: 177 - Перемещаем
D:\Python\Project_SP\тесты\начало\SPK_00111214.txt\SPK_00111214.txt
в
D:\Python\Project_SP\тесты\конец\Номер ГК\Орион\00111214 В\SPK_00111214.txt
2023-05-05 18:01:24,433 - INFO - info_spk_copy: 177 - Перемещаем
D:\Python\Project_SP\тесты\начало\SPK_00111215.txt\SPK_00111215.txt
в
D:\Python\Project_SP\тесты\конец\Номер ГК\Орион\00111215 В\SPK_00111215.txt
2023-05-05 18:01:24,434 - INFO - run: 218 - Готово
2023-05-05 18:01:24,434 - INFO - run: 219 - 
******************************Конец работы******************************

