2023-04-23 14:42:49,830 - INFO - run: 32 - Начинаем процедуру сортировки файлов
2023-04-23 14:42:49,830 - INFO - run: 43 - Создаём структуру папок
2023-04-23 14:42:49,830 - INFO - run: 48 - Считываем файл выгрузки гк.xlsx
2023-04-23 14:42:50,371 - INFO - run: 60 - Создаём структуру для гк.xlsx
2023-04-23 14:42:50,382 - INFO - run: 89 - Файл гк.xlsx обработан
2023-04-23 14:42:50,382 - INFO - run: 95 - Бежим по файлам СП
2023-04-23 14:42:50,382 - INFO - run: 100 - Бежим по клавиатура
2023-04-23 14:42:50,382 - INFO - run: 122 - Бежим по kw134324fdg51
2023-04-23 14:42:50,385 - INFO - run: 149 - Копируемые файлы: 1.tiff, IMG 1.jpg
2023-04-23 14:42:50,386 - INFO - run: 122 - Бежим по kw134324fdg52
2023-04-23 14:42:50,388 - INFO - run: 149 - Копируемые файлы: 2.tiff, IMG 2.jpg
2023-04-23 14:42:50,389 - INFO - run: 122 - Бежим по kw134324fdg53
2023-04-23 14:42:50,391 - INFO - run: 149 - Копируемые файлы: 3.tiff, IMG 3.jpg
2023-04-23 14:42:50,392 - INFO - run: 100 - Бежим по мышь
2023-04-23 14:42:50,393 - INFO - run: 122 - Бежим по km134324fdg51
2023-04-23 14:42:50,394 - INFO - run: 149 - Копируемые файлы: 4.tiff, IMG 4.jpg
2023-04-23 14:42:50,396 - INFO - run: 122 - Бежим по km134324fdg52
2023-04-23 14:42:50,398 - INFO - run: 149 - Копируемые файлы: 5.tiff, IMG 5.jpg
2023-04-23 14:42:50,399 - INFO - run: 122 - Бежим по km134324fdg53
2023-04-23 14:42:50,401 - INFO - run: 149 - Копируемые файлы: 6.tiff, IMG 6.jpg
2023-04-23 14:42:50,402 - INFO - run: 100 - Бежим по пк
2023-04-23 14:42:50,402 - INFO - run: 122 - Бежим по 00123456
2023-04-23 14:42:50,404 - INFO - run: 149 - Копируемые файлы: 7.tiff, IMG 7.jpg
2023-04-23 14:42:50,406 - INFO - run: 122 - Бежим по 00123457
2023-04-23 14:42:50,407 - INFO - run: 149 - Копируемые файлы: 8.tiff, IMG 8.jpg
2023-04-23 14:42:50,409 - INFO - run: 122 - Бежим по 00123458
2023-04-23 14:42:50,410 - INFO - run: 149 - Копируемые файлы: 9.tiff, IMG 9.jpg
2023-04-23 14:42:50,412 - INFO - run: 100 - Бежим по сетевой фильтр
2023-04-23 14:42:50,412 - INFO - run: 122 - Бежим по 2zxferdfg23534dfg
2023-04-23 14:42:50,414 - INFO - run: 149 - Копируемые файлы: 10.tiff, IMG 10.jpg
2023-04-23 14:42:50,415 - INFO - run: 122 - Бежим по 2zxferdfg23534dfh
2023-04-23 14:42:50,417 - INFO - run: 149 - Копируемые файлы: 11.tiff, IMG 11.jpg
2023-04-23 14:42:50,418 - INFO - run: 122 - Бежим по 2zxferdfg23534dfq
2023-04-23 14:42:50,420 - INFO - run: 149 - Копируемые файлы: 12.tiff, IMG 12.jpg
2023-04-23 14:42:50,422 - INFO - run: 100 - Бежим по типовой монитор
2023-04-23 14:42:50,422 - INFO - run: 122 - Бежим по 00111223
2023-04-23 14:42:50,424 - INFO - run: 149 - Копируемые файлы: 13.tiff, IMG 13.jpg
2023-04-23 14:42:50,425 - INFO - run: 122 - Бежим по 00111224
2023-04-23 14:42:50,427 - INFO - run: 149 - Копируемые файлы: 14.tiff, IMG 14.jpg
2023-04-23 14:42:50,428 - INFO - run: 122 - Бежим по 00111225
2023-04-23 14:42:50,430 - INFO - run: 149 - Копируемые файлы: 15.tiff, IMG 15.jpg
2023-04-23 14:42:50,431 - INFO - run: 173 - Готово
2023-04-23 14:47:06,555 - INFO - run: 32 - Начинаем процедуру сортировки файлов
2023-04-23 14:47:06,556 - INFO - run: 41 - Такая папка уже есть D:\Python\Project_SP\тесты\конец\Номер ГК
2023-04-23 14:47:06,556 - INFO - run: 43 - Создаём структуру папок
2023-04-23 14:47:06,556 - INFO - run: 48 - Считываем файл выгрузки гк.xlsx
2023-04-23 14:47:07,034 - INFO - run: 60 - Создаём структуру для гк.xlsx
2023-04-23 14:47:07,041 - INFO - run: 89 - Файл гк.xlsx обработан
2023-04-23 14:47:07,041 - INFO - run: 95 - Бежим по файлам СП
2023-04-23 14:47:07,041 - INFO - run: 100 - Бежим по Инфо
2023-04-23 14:47:07,042 - INFO - run: 100 - Бежим по клавиатура
2023-04-23 14:47:07,042 - INFO - run: 122 - Бежим по kw134324fdg51
2023-04-23 14:47:07,044 - INFO - run: 149 - Копируемые файлы: 1.tiff, IMG 1.jpg
2023-04-23 14:47:07,044 - INFO - run: 155 - Файлы, присутствующие в папке D:\Python\Project_SP\тесты\конец\Номер ГК\Орион\00111215 В\5: 1.tiff, IMG 1.jpg
2023-04-23 14:47:07,045 - INFO - run: 157 - Спрашиваем что делать
2023-04-23 14:47:11,325 - ERROR - run: 179 - [WinError 183] Невозможно создать файл, так как он уже существует: 'D:\\Python\\Project_SP\\тесты\\начало\\клавиатура\\kw134324fdg51\\1.tiff' -> 'D:\\Python\\Project_SP\\тесты\\конец\\Номер ГК\\Орион\\00111215 В\\5\\rentgen\\1.tiff'
2023-04-23 14:47:11,336 - ERROR - run: 180 - Traceback (most recent call last):
  File "D:\Python\Project_SP\sorting.py", line 166, in run
    str(sn_device), str(file)).rename(
  File "C:\Users\Anton\AppData\Local\Programs\Python\Python310\lib\pathlib.py", line 1234, in rename
    self._accessor.rename(self, target)
FileExistsError: [WinError 183] Невозможно создать файл, так как он уже существует: 'D:\\Python\\Project_SP\\тесты\\начало\\клавиатура\\kw134324fdg51\\1.tiff' -> 'D:\\Python\\Project_SP\\тесты\\конец\\Номер ГК\\Орион\\00111215 В\\5\\rentgen\\1.tiff'

2023-04-23 14:52:47,262 - INFO - run: 32 - 
******************************Новый прогон******************************

2023-04-23 14:52:47,262 - INFO - run: 33 - Начинаем процедуру сортировки файлов
2023-04-23 14:52:47,263 - INFO - run: 44 - Создаём структуру папок
2023-04-23 14:52:47,263 - INFO - run: 49 - Считываем файл выгрузки гк.xlsx
2023-04-23 14:52:47,739 - INFO - run: 61 - Создаём структуру для гк.xlsx
2023-04-23 14:52:47,750 - INFO - run: 90 - Файл гк.xlsx обработан
2023-04-23 14:52:47,750 - INFO - run: 96 - Бежим по файлам СП
2023-04-23 14:52:47,750 - INFO - run: 101 - Бежим по Инфо
2023-04-23 14:52:47,751 - INFO - run: 101 - Бежим по клавиатура
2023-04-23 14:52:47,751 - INFO - run: 123 - Бежим по kw134324fdg51
2023-04-23 14:52:47,753 - INFO - run: 150 - Копируемые файлы: 1.tiff, IMG 1.jpg
2023-04-23 14:52:47,754 - INFO - run: 123 - Бежим по kw134324fdg52
2023-04-23 14:52:47,756 - INFO - run: 150 - Копируемые файлы: 2.tiff, IMG 2.jpg
2023-04-23 14:52:47,757 - INFO - run: 123 - Бежим по kw134324fdg53
2023-04-23 14:52:47,759 - INFO - run: 150 - Копируемые файлы: 3.tiff, IMG 3.jpg
2023-04-23 14:52:47,760 - INFO - run: 101 - Бежим по мышь
2023-04-23 14:52:47,761 - INFO - run: 123 - Бежим по km134324fdg51
2023-04-23 14:52:47,762 - INFO - run: 150 - Копируемые файлы: 4.tiff, IMG 4.jpg
2023-04-23 14:52:47,764 - INFO - run: 123 - Бежим по km134324fdg52
2023-04-23 14:52:47,766 - INFO - run: 150 - Копируемые файлы: 5.tiff, IMG 5.jpg
2023-04-23 14:52:47,767 - INFO - run: 123 - Бежим по km134324fdg53
2023-04-23 14:52:47,769 - INFO - run: 150 - Копируемые файлы: 6.tiff, IMG 6.jpg
2023-04-23 14:52:47,770 - INFO - run: 101 - Бежим по пк
2023-04-23 14:52:47,770 - INFO - run: 123 - Бежим по 00123456
2023-04-23 14:52:47,772 - INFO - run: 150 - Копируемые файлы: 7.tiff, IMG 7.jpg
2023-04-23 14:52:47,774 - INFO - run: 123 - Бежим по 00123457
2023-04-23 14:52:47,775 - INFO - run: 150 - Копируемые файлы: 8.tiff, IMG 8.jpg
2023-04-23 14:52:47,777 - INFO - run: 123 - Бежим по 00123458
2023-04-23 14:52:47,778 - INFO - run: 150 - Копируемые файлы: 9.tiff, IMG 9.jpg
2023-04-23 14:52:47,780 - INFO - run: 101 - Бежим по сетевой фильтр
2023-04-23 14:52:47,780 - INFO - run: 123 - Бежим по 2zxferdfg23534dfg
2023-04-23 14:52:47,782 - INFO - run: 150 - Копируемые файлы: 10.tiff, IMG 10.jpg
2023-04-23 14:52:47,783 - INFO - run: 123 - Бежим по 2zxferdfg23534dfh
2023-04-23 14:52:47,785 - INFO - run: 150 - Копируемые файлы: 11.tiff, IMG 11.jpg
2023-04-23 14:52:47,786 - INFO - run: 123 - Бежим по 2zxferdfg23534dfq
2023-04-23 14:52:47,788 - INFO - run: 150 - Копируемые файлы: 12.tiff, IMG 12.jpg
2023-04-23 14:52:47,789 - INFO - run: 101 - Бежим по СПК
2023-04-23 14:52:47,790 - INFO - run: 101 - Бежим по типовой монитор
2023-04-23 14:52:47,790 - INFO - run: 123 - Бежим по 00111223
2023-04-23 14:52:47,792 - INFO - run: 150 - Копируемые файлы: 13.tiff, IMG 13.jpg
2023-04-23 14:52:47,794 - INFO - run: 123 - Бежим по 00111224
2023-04-23 14:52:47,795 - INFO - run: 150 - Копируемые файлы: 14.tiff, IMG 14.jpg
2023-04-23 14:52:47,797 - INFO - run: 123 - Бежим по 00111225
2023-04-23 14:52:47,798 - INFO - run: 150 - Копируемые файлы: 15.tiff, IMG 15.jpg
2023-04-23 14:52:47,800 - INFO - run: 174 - Готово
2023-04-23 14:52:47,800 - INFO - run: 175 - 
******************************Конец работы******************************

2023-04-23 14:52:56,910 - INFO - run: 32 - 
******************************Новый прогон******************************

2023-04-23 14:52:56,910 - INFO - run: 33 - Начинаем процедуру сортировки файлов
2023-04-23 14:52:56,910 - INFO - run: 42 - Такая папка уже есть D:\Python\Project_SP\тесты\конец\Номер ГК
2023-04-23 14:52:56,911 - INFO - run: 44 - Создаём структуру папок
2023-04-23 14:52:56,911 - INFO - run: 49 - Считываем файл выгрузки гк.xlsx
2023-04-23 14:52:56,933 - INFO - run: 61 - Создаём структуру для гк.xlsx
2023-04-23 14:52:56,940 - INFO - run: 90 - Файл гк.xlsx обработан
2023-04-23 14:52:56,940 - INFO - run: 96 - Бежим по файлам СП
2023-04-23 14:52:56,940 - INFO - run: 101 - Бежим по Инфо
2023-04-23 14:52:56,941 - INFO - run: 101 - Бежим по клавиатура
2023-04-23 14:52:56,941 - INFO - run: 123 - Бежим по kw134324fdg51
2023-04-23 14:52:56,943 - INFO - run: 150 - Копируемые файлы: 1.tiff, IMG 1.jpg
2023-04-23 14:52:56,943 - INFO - run: 156 - Файлы, присутствующие в папке D:\Python\Project_SP\тесты\конец\Номер ГК\Орион\00111215 В\5: 1.tiff, IMG 1.jpg
2023-04-23 14:52:56,943 - INFO - run: 158 - Спрашиваем что делать
2023-04-23 14:52:58,098 - INFO - run: 123 - Бежим по kw134324fdg52
2023-04-23 14:52:58,099 - INFO - run: 150 - Копируемые файлы: 2.tiff, IMG 2.jpg
2023-04-23 14:52:58,100 - INFO - run: 156 - Файлы, присутствующие в папке D:\Python\Project_SP\тесты\конец\Номер ГК\Орион\00111214 В\5: 2.tiff, IMG 2.jpg
2023-04-23 14:52:58,100 - INFO - run: 158 - Спрашиваем что делать
2023-04-23 14:52:58,721 - INFO - run: 123 - Бежим по kw134324fdg53
2023-04-23 14:52:58,722 - INFO - run: 150 - Копируемые файлы: 3.tiff, IMG 3.jpg
2023-04-23 14:52:58,723 - INFO - run: 156 - Файлы, присутствующие в папке D:\Python\Project_SP\тесты\конец\Номер ГК\Орион\00111213 В\5: 3.tiff, IMG 3.jpg
2023-04-23 14:52:58,723 - INFO - run: 158 - Спрашиваем что делать
2023-04-23 14:52:59,291 - INFO - run: 101 - Бежим по мышь
2023-04-23 14:52:59,291 - INFO - run: 123 - Бежим по km134324fdg51
2023-04-23 14:52:59,293 - INFO - run: 150 - Копируемые файлы: 4.tiff, IMG 4.jpg
2023-04-23 14:52:59,293 - INFO - run: 156 - Файлы, присутствующие в папке D:\Python\Project_SP\тесты\конец\Номер ГК\Орион\00111215 В\4: 4.tiff, IMG 4.jpg
2023-04-23 14:52:59,293 - INFO - run: 158 - Спрашиваем что делать
2023-04-23 14:52:59,760 - INFO - run: 123 - Бежим по km134324fdg52
2023-04-23 14:52:59,763 - INFO - run: 150 - Копируемые файлы: 5.tiff, IMG 5.jpg
2023-04-23 14:52:59,763 - INFO - run: 156 - Файлы, присутствующие в папке D:\Python\Project_SP\тесты\конец\Номер ГК\Орион\00111214 В\4: 5.tiff, IMG 5.jpg
2023-04-23 14:52:59,763 - INFO - run: 158 - Спрашиваем что делать
2023-04-23 14:53:00,208 - INFO - run: 123 - Бежим по km134324fdg53
2023-04-23 14:53:00,210 - INFO - run: 150 - Копируемые файлы: 6.tiff, IMG 6.jpg
2023-04-23 14:53:00,211 - INFO - run: 156 - Файлы, присутствующие в папке D:\Python\Project_SP\тесты\конец\Номер ГК\Орион\00111213 В\4: 6.tiff, IMG 6.jpg
2023-04-23 14:53:00,211 - INFO - run: 158 - Спрашиваем что делать
2023-04-23 14:53:00,634 - INFO - run: 101 - Бежим по пк
2023-04-23 14:53:00,634 - INFO - run: 123 - Бежим по 00123456
2023-04-23 14:53:00,636 - INFO - run: 150 - Копируемые файлы: 7.tiff, IMG 7.jpg
2023-04-23 14:53:00,636 - INFO - run: 156 - Файлы, присутствующие в папке D:\Python\Project_SP\тесты\конец\Номер ГК\Орион\00111213 В\1: 7.tiff, IMG 7.jpg
2023-04-23 14:53:00,636 - INFO - run: 158 - Спрашиваем что делать
2023-04-23 14:53:01,008 - INFO - run: 123 - Бежим по 00123457
2023-04-23 14:53:01,010 - INFO - run: 150 - Копируемые файлы: 8.tiff, IMG 8.jpg
2023-04-23 14:53:01,011 - INFO - run: 156 - Файлы, присутствующие в папке D:\Python\Project_SP\тесты\конец\Номер ГК\Орион\00111214 В\1: 8.tiff, IMG 8.jpg
2023-04-23 14:53:01,011 - INFO - run: 158 - Спрашиваем что делать
2023-04-23 14:53:01,386 - INFO - run: 123 - Бежим по 00123458
2023-04-23 14:53:01,387 - INFO - run: 150 - Копируемые файлы: 9.tiff, IMG 9.jpg
2023-04-23 14:53:01,388 - INFO - run: 156 - Файлы, присутствующие в папке D:\Python\Project_SP\тесты\конец\Номер ГК\Орион\00111215 В\1: 9.tiff, IMG 9.jpg
2023-04-23 14:53:01,388 - INFO - run: 158 - Спрашиваем что делать
2023-04-23 14:53:01,993 - INFO - run: 101 - Бежим по сетевой фильтр
2023-04-23 14:53:01,993 - INFO - run: 123 - Бежим по 2zxferdfg23534dfg
2023-04-23 14:53:01,995 - INFO - run: 150 - Копируемые файлы: 10.tiff, IMG 10.jpg
2023-04-23 14:53:01,996 - INFO - run: 156 - Файлы, присутствующие в папке D:\Python\Project_SP\тесты\конец\Номер ГК\Орион\00111213 В\3: 10.tiff, IMG 10.jpg
2023-04-23 14:53:01,996 - INFO - run: 158 - Спрашиваем что делать
2023-04-23 14:53:02,538 - INFO - run: 123 - Бежим по 2zxferdfg23534dfh
2023-04-23 14:53:02,540 - INFO - run: 150 - Копируемые файлы: 11.tiff, IMG 11.jpg
2023-04-23 14:53:02,541 - INFO - run: 156 - Файлы, присутствующие в папке D:\Python\Project_SP\тесты\конец\Номер ГК\Орион\00111215 В\3: 11.tiff, IMG 11.jpg
2023-04-23 14:53:02,541 - INFO - run: 158 - Спрашиваем что делать
2023-04-23 14:53:03,146 - INFO - run: 123 - Бежим по 2zxferdfg23534dfq
2023-04-23 14:53:03,147 - INFO - run: 150 - Копируемые файлы: 12.tiff, IMG 12.jpg
2023-04-23 14:53:03,148 - INFO - run: 156 - Файлы, присутствующие в папке D:\Python\Project_SP\тесты\конец\Номер ГК\Орион\00111214 В\3: 12.tiff, IMG 12.jpg
2023-04-23 14:53:03,148 - INFO - run: 158 - Спрашиваем что делать
2023-04-23 14:53:03,794 - INFO - run: 101 - Бежим по СПК
2023-04-23 14:53:03,794 - INFO - run: 101 - Бежим по типовой монитор
2023-04-23 14:53:03,795 - INFO - run: 123 - Бежим по 00111223
2023-04-23 14:53:03,797 - INFO - run: 150 - Копируемые файлы: 13.tiff, IMG 13.jpg
2023-04-23 14:53:03,797 - INFO - run: 156 - Файлы, присутствующие в папке D:\Python\Project_SP\тесты\конец\Номер ГК\Орион\00111213 В\2: 13.tiff, IMG 13.jpg
2023-04-23 14:53:03,797 - INFO - run: 158 - Спрашиваем что делать
2023-04-23 14:53:04,467 - INFO - run: 123 - Бежим по 00111224
2023-04-23 14:53:04,468 - INFO - run: 150 - Копируемые файлы: 14.tiff, IMG 14.jpg
2023-04-23 14:53:04,469 - INFO - run: 156 - Файлы, присутствующие в папке D:\Python\Project_SP\тесты\конец\Номер ГК\Орион\00111214 В\2: 14.tiff, IMG 14.jpg
2023-04-23 14:53:04,469 - INFO - run: 158 - Спрашиваем что делать
2023-04-23 14:53:05,154 - INFO - run: 123 - Бежим по 00111225
2023-04-23 14:53:05,155 - INFO - run: 150 - Копируемые файлы: 15.tiff, IMG 15.jpg
2023-04-23 14:53:05,156 - INFO - run: 156 - Файлы, присутствующие в папке D:\Python\Project_SP\тесты\конец\Номер ГК\Орион\00111215 В\2: 15.tiff, IMG 15.jpg
2023-04-23 14:53:05,156 - INFO - run: 158 - Спрашиваем что делать
2023-04-23 14:53:05,818 - INFO - run: 174 - Готово
2023-04-23 14:53:05,818 - INFO - run: 175 - 
******************************Конец работы******************************

2023-04-23 15:00:36,017 - INFO - run: 32 - 
******************************Новый прогон******************************

2023-04-23 15:00:36,017 - INFO - run: 33 - Начинаем процедуру сортировки файлов
2023-04-23 15:00:36,018 - INFO - run: 42 - Такая папка уже есть D:\Python\Project_SP\тесты\конец\Номер ГК
2023-04-23 15:00:36,018 - INFO - run: 44 - Создаём структуру папок
2023-04-23 15:00:36,018 - INFO - run: 49 - Считываем файл выгрузки гк.xlsx
2023-04-23 15:00:36,495 - INFO - run: 61 - Создаём структуру для гк.xlsx
2023-04-23 15:00:36,501 - INFO - run: 90 - Файл гк.xlsx обработан
2023-04-23 15:00:36,501 - INFO - run: 96 - Бежим по файлам СП
2023-04-23 15:00:36,502 - INFO - run: 101 - Бежим по Инфо
2023-04-23 15:00:36,502 - INFO - run: 101 - Бежим по клавиатура
2023-04-23 15:00:36,503 - INFO - run: 137 - Бежим по kw134324fdg51
2023-04-23 15:00:36,505 - INFO - run: 164 - Копируемые файлы: 1.tiff, IMG 1.jpg
2023-04-23 15:00:36,505 - INFO - run: 170 - Файлы, присутствующие в папке D:\Python\Project_SP\тесты\конец\Номер ГК\Орион\00111215 В\5: 1.tiff, IMG 1.jpg
2023-04-23 15:00:36,505 - INFO - run: 172 - Спрашиваем что делать
2023-04-23 15:00:38,260 - INFO - run: 137 - Бежим по kw134324fdg52
2023-04-23 15:00:38,262 - INFO - run: 164 - Копируемые файлы: 2.tiff, IMG 2.jpg
2023-04-23 15:00:38,262 - INFO - run: 170 - Файлы, присутствующие в папке D:\Python\Project_SP\тесты\конец\Номер ГК\Орион\00111214 В\5: 2.tiff, IMG 2.jpg
2023-04-23 15:00:38,262 - INFO - run: 172 - Спрашиваем что делать
2023-04-23 15:00:38,899 - INFO - run: 137 - Бежим по kw134324fdg53
2023-04-23 15:00:38,901 - INFO - run: 164 - Копируемые файлы: 3.tiff, IMG 3.jpg
2023-04-23 15:00:38,902 - INFO - run: 170 - Файлы, присутствующие в папке D:\Python\Project_SP\тесты\конец\Номер ГК\Орион\00111213 В\5: 3.tiff, IMG 3.jpg
2023-04-23 15:00:38,902 - INFO - run: 172 - Спрашиваем что делать
2023-04-23 15:00:39,628 - INFO - run: 101 - Бежим по мышь
2023-04-23 15:00:39,628 - INFO - run: 137 - Бежим по km134324fdg51
2023-04-23 15:00:39,630 - INFO - run: 164 - Копируемые файлы: 4.tiff, IMG 4.jpg
2023-04-23 15:00:39,631 - INFO - run: 170 - Файлы, присутствующие в папке D:\Python\Project_SP\тесты\конец\Номер ГК\Орион\00111215 В\4: 4.tiff, IMG 4.jpg
2023-04-23 15:00:39,631 - INFO - run: 172 - Спрашиваем что делать
2023-04-23 15:00:40,604 - INFO - run: 137 - Бежим по km134324fdg52
2023-04-23 15:00:40,606 - INFO - run: 164 - Копируемые файлы: 5.tiff, IMG 5.jpg
2023-04-23 15:00:40,607 - INFO - run: 170 - Файлы, присутствующие в папке D:\Python\Project_SP\тесты\конец\Номер ГК\Орион\00111214 В\4: 5.tiff, IMG 5.jpg
2023-04-23 15:00:40,607 - INFO - run: 172 - Спрашиваем что делать
2023-04-23 15:00:42,637 - INFO - run: 137 - Бежим по km134324fdg53
2023-04-23 15:00:42,639 - INFO - run: 164 - Копируемые файлы: 6.tiff, IMG 6.jpg
2023-04-23 15:00:42,640 - INFO - run: 170 - Файлы, присутствующие в папке D:\Python\Project_SP\тесты\конец\Номер ГК\Орион\00111213 В\4: 6.tiff, IMG 6.jpg
2023-04-23 15:00:42,640 - INFO - run: 172 - Спрашиваем что делать
2023-04-23 15:00:43,652 - INFO - run: 101 - Бежим по пк
2023-04-23 15:00:43,653 - INFO - run: 137 - Бежим по 00123456
2023-04-23 15:00:43,654 - INFO - run: 164 - Копируемые файлы: 7.tiff, IMG 7.jpg
2023-04-23 15:00:43,655 - INFO - run: 170 - Файлы, присутствующие в папке D:\Python\Project_SP\тесты\конец\Номер ГК\Орион\00111213 В\1: 7.tiff, IMG 7.jpg
2023-04-23 15:00:43,655 - INFO - run: 172 - Спрашиваем что делать
2023-04-23 15:00:44,653 - INFO - run: 137 - Бежим по 00123457
2023-04-23 15:00:44,654 - INFO - run: 164 - Копируемые файлы: 8.tiff, IMG 8.jpg
2023-04-23 15:00:44,655 - INFO - run: 170 - Файлы, присутствующие в папке D:\Python\Project_SP\тесты\конец\Номер ГК\Орион\00111214 В\1: 8.tiff, IMG 8.jpg
2023-04-23 15:00:44,655 - INFO - run: 172 - Спрашиваем что делать
2023-04-23 15:00:45,396 - INFO - run: 137 - Бежим по 00123458
2023-04-23 15:00:45,398 - INFO - run: 164 - Копируемые файлы: 9.tiff, IMG 9.jpg
2023-04-23 15:00:45,399 - INFO - run: 170 - Файлы, присутствующие в папке D:\Python\Project_SP\тесты\конец\Номер ГК\Орион\00111215 В\1: 9.tiff, IMG 9.jpg
2023-04-23 15:00:45,399 - INFO - run: 172 - Спрашиваем что делать
2023-04-23 15:00:46,149 - INFO - run: 101 - Бежим по сетевой фильтр
2023-04-23 15:00:46,149 - INFO - run: 137 - Бежим по 2zxferdfg23534dfg
2023-04-23 15:00:46,151 - INFO - run: 164 - Копируемые файлы: 10.tiff, IMG 10.jpg
2023-04-23 15:00:46,151 - INFO - run: 170 - Файлы, присутствующие в папке D:\Python\Project_SP\тесты\конец\Номер ГК\Орион\00111213 В\3: 10.tiff, IMG 10.jpg
2023-04-23 15:00:46,151 - INFO - run: 172 - Спрашиваем что делать
2023-04-23 15:00:47,021 - INFO - run: 137 - Бежим по 2zxferdfg23534dfh
2023-04-23 15:00:47,023 - INFO - run: 164 - Копируемые файлы: 11.tiff, IMG 11.jpg
2023-04-23 15:00:47,023 - INFO - run: 170 - Файлы, присутствующие в папке D:\Python\Project_SP\тесты\конец\Номер ГК\Орион\00111215 В\3: 11.tiff, IMG 11.jpg
2023-04-23 15:00:47,023 - INFO - run: 172 - Спрашиваем что делать
2023-04-23 15:00:47,878 - INFO - run: 137 - Бежим по 2zxferdfg23534dfq
2023-04-23 15:00:47,879 - INFO - run: 164 - Копируемые файлы: 12.tiff, IMG 12.jpg
2023-04-23 15:00:47,880 - INFO - run: 170 - Файлы, присутствующие в папке D:\Python\Project_SP\тесты\конец\Номер ГК\Орион\00111214 В\3: 12.tiff, IMG 12.jpg
2023-04-23 15:00:47,880 - INFO - run: 172 - Спрашиваем что делать
2023-04-23 15:00:48,677 - INFO - run: 101 - Бежим по СПК
2023-04-23 15:00:48,678 - INFO - run: 101 - Бежим по типовой монитор
2023-04-23 15:00:48,678 - INFO - run: 137 - Бежим по 00111223
2023-04-23 15:00:48,680 - INFO - run: 164 - Копируемые файлы: 13.tiff, IMG 13.jpg
2023-04-23 15:00:48,681 - INFO - run: 170 - Файлы, присутствующие в папке D:\Python\Project_SP\тесты\конец\Номер ГК\Орион\00111213 В\2: 13.tiff, IMG 13.jpg
2023-04-23 15:00:48,681 - INFO - run: 172 - Спрашиваем что делать
2023-04-23 15:00:49,517 - INFO - run: 137 - Бежим по 00111224
2023-04-23 15:00:49,519 - INFO - run: 164 - Копируемые файлы: 14.tiff, IMG 14.jpg
2023-04-23 15:00:49,520 - INFO - run: 170 - Файлы, присутствующие в папке D:\Python\Project_SP\тесты\конец\Номер ГК\Орион\00111214 В\2: 14.tiff, IMG 14.jpg
2023-04-23 15:00:49,520 - INFO - run: 172 - Спрашиваем что делать
2023-04-23 15:00:50,358 - INFO - run: 137 - Бежим по 00111225
2023-04-23 15:00:50,360 - INFO - run: 164 - Копируемые файлы: 15.tiff, IMG 15.jpg
2023-04-23 15:00:50,360 - INFO - run: 170 - Файлы, присутствующие в папке D:\Python\Project_SP\тесты\конец\Номер ГК\Орион\00111215 В\2: 15.tiff, IMG 15.jpg
2023-04-23 15:00:50,360 - INFO - run: 172 - Спрашиваем что делать
2023-04-23 15:00:54,966 - INFO - run: 188 - Готово
2023-04-23 15:00:54,966 - INFO - run: 189 - 
******************************Конец работы******************************

2023-04-23 15:08:47,903 - INFO - run: 32 - 
******************************Новый прогон******************************

2023-04-23 15:08:47,903 - INFO - run: 33 - Начинаем процедуру сортировки файлов
2023-04-23 15:08:47,904 - INFO - run: 44 - Создаём структуру папок
2023-04-23 15:08:47,904 - INFO - run: 49 - Считываем файл выгрузки гк.xlsx
2023-04-23 15:08:48,380 - INFO - run: 61 - Создаём структуру для гк.xlsx
2023-04-23 15:08:48,390 - INFO - run: 90 - Файл гк.xlsx обработан
2023-04-23 15:08:48,390 - INFO - run: 96 - Бежим по файлам СП
2023-04-23 15:08:48,391 - INFO - run: 101 - Бежим по Инфо
2023-04-23 15:34:02,219 - INFO - run: 32 - 
******************************Новый прогон******************************

2023-04-23 15:34:02,219 - INFO - run: 33 - Начинаем процедуру сортировки файлов
2023-04-23 15:34:02,220 - INFO - run: 44 - Создаём структуру папок
2023-04-23 15:34:02,220 - INFO - run: 49 - Считываем файл выгрузки гк.xlsx
2023-04-23 15:34:02,738 - INFO - run: 61 - Создаём структуру для гк.xlsx
2023-04-23 15:34:02,748 - INFO - run: 90 - Файл гк.xlsx обработан
2023-04-23 15:34:02,748 - INFO - run: 98 - Бежим по файлам СП
2023-04-23 15:34:02,748 - INFO - run: 108 - Бежим по клавиатура
2023-04-23 15:34:02,749 - INFO - run: 110 - Бежим по kw134324fdg51
2023-04-23 15:34:02,751 - INFO - run: 137 - Копируемые файлы: 1.tiff, IMG 1.jpg
2023-04-23 15:34:02,752 - INFO - run: 110 - Бежим по kw134324fdg52
2023-04-23 15:34:02,754 - INFO - run: 137 - Копируемые файлы: 2.tiff, IMG 2.jpg
2023-04-23 15:34:02,755 - INFO - run: 110 - Бежим по kw134324fdg53
2023-04-23 15:34:02,757 - INFO - run: 137 - Копируемые файлы: 3.tiff, IMG 3.jpg
2023-04-23 15:34:02,758 - INFO - run: 108 - Бежим по мышь
2023-04-23 15:34:02,759 - INFO - run: 110 - Бежим по km134324fdg51
2023-04-23 15:34:02,760 - INFO - run: 137 - Копируемые файлы: 4.tiff, IMG 4.jpg
2023-04-23 15:34:02,762 - INFO - run: 110 - Бежим по km134324fdg52
2023-04-23 15:34:02,763 - INFO - run: 137 - Копируемые файлы: 5.tiff, IMG 5.jpg
2023-04-23 15:34:02,765 - INFO - run: 110 - Бежим по km134324fdg53
2023-04-23 15:34:02,767 - INFO - run: 137 - Копируемые файлы: 6.tiff, IMG 6.jpg
2023-04-23 15:34:02,768 - INFO - run: 108 - Бежим по пк
2023-04-23 15:34:02,768 - INFO - run: 110 - Бежим по 00123456
2023-04-23 15:34:02,770 - INFO - run: 137 - Копируемые файлы: 7.tiff, IMG 7.jpg
2023-04-23 15:34:02,771 - INFO - run: 110 - Бежим по 00123457
2023-04-23 15:34:02,773 - INFO - run: 137 - Копируемые файлы: 8.tiff, IMG 8.jpg
2023-04-23 15:34:02,775 - INFO - run: 110 - Бежим по 00123458
2023-04-23 15:34:02,776 - INFO - run: 137 - Копируемые файлы: 9.tiff, IMG 9.jpg
2023-04-23 15:34:02,778 - INFO - run: 108 - Бежим по сетевой фильтр
2023-04-23 15:34:02,778 - INFO - run: 110 - Бежим по 2zxferdfg23534dfg
2023-04-23 15:34:02,780 - INFO - run: 137 - Копируемые файлы: 10.tiff, IMG 10.jpg
2023-04-23 15:34:02,781 - INFO - run: 110 - Бежим по 2zxferdfg23534dfh
2023-04-23 15:34:02,783 - INFO - run: 137 - Копируемые файлы: 11.tiff, IMG 11.jpg
2023-04-23 15:34:02,784 - INFO - run: 110 - Бежим по 2zxferdfg23534dfq
2023-04-23 15:34:02,786 - INFO - run: 137 - Копируемые файлы: 12.tiff, IMG 12.jpg
2023-04-23 15:34:02,787 - INFO - run: 108 - Бежим по типовой монитор
2023-04-23 15:34:02,788 - INFO - run: 110 - Бежим по 00111223
2023-04-23 15:34:02,789 - INFO - run: 137 - Копируемые файлы: 13.tiff, IMG 13.jpg
2023-04-23 15:34:02,791 - INFO - run: 110 - Бежим по 00111224
2023-04-23 15:34:02,792 - INFO - run: 137 - Копируемые файлы: 14.tiff, IMG 14.jpg
2023-04-23 15:34:02,794 - INFO - run: 110 - Бежим по 00111225
2023-04-23 15:34:02,795 - INFO - run: 137 - Копируемые файлы: 15.tiff, IMG 15.jpg
2023-04-23 15:34:02,798 - INFO - run: 203 - Готово
2023-04-23 15:34:02,798 - INFO - run: 204 - 
******************************Конец работы******************************

2023-04-23 15:34:42,826 - INFO - run: 32 - 
******************************Новый прогон******************************

2023-04-23 15:34:42,826 - INFO - run: 33 - Начинаем процедуру сортировки файлов
2023-04-23 15:34:42,827 - INFO - run: 44 - Создаём структуру папок
2023-04-23 15:34:42,827 - INFO - run: 49 - Считываем файл выгрузки гк.xlsx
2023-04-23 15:34:43,305 - INFO - run: 61 - Создаём структуру для гк.xlsx
2023-04-23 15:34:43,315 - INFO - run: 90 - Файл гк.xlsx обработан
2023-04-23 15:34:43,315 - INFO - run: 98 - Бежим по файлам СП
2023-04-23 15:34:43,316 - INFO - run: 108 - Бежим по клавиатура
2023-04-23 15:34:43,316 - INFO - run: 110 - Бежим по kw134324fdg51
2023-04-23 15:34:43,318 - INFO - run: 137 - Копируемые файлы: 1.tiff, IMG 1.jpg
2023-04-23 15:34:43,319 - INFO - run: 110 - Бежим по kw134324fdg52
2023-04-23 15:34:43,321 - INFO - run: 137 - Копируемые файлы: 2.tiff, IMG 2.jpg
2023-04-23 15:34:43,322 - INFO - run: 110 - Бежим по kw134324fdg53
2023-04-23 15:34:43,324 - INFO - run: 137 - Копируемые файлы: 3.tiff, IMG 3.jpg
2023-04-23 15:34:43,326 - INFO - run: 108 - Бежим по мышь
2023-04-23 15:34:43,326 - INFO - run: 110 - Бежим по km134324fdg51
2023-04-23 15:34:43,328 - INFO - run: 137 - Копируемые файлы: 4.tiff, IMG 4.jpg
2023-04-23 15:34:43,329 - INFO - run: 110 - Бежим по km134324fdg52
2023-04-23 15:34:43,331 - INFO - run: 137 - Копируемые файлы: 5.tiff, IMG 5.jpg
2023-04-23 15:34:43,332 - INFO - run: 110 - Бежим по km134324fdg53
2023-04-23 15:34:43,334 - INFO - run: 137 - Копируемые файлы: 6.tiff, IMG 6.jpg
2023-04-23 15:34:43,335 - INFO - run: 108 - Бежим по пк
2023-04-23 15:34:43,336 - INFO - run: 110 - Бежим по 00123456
2023-04-23 15:34:43,338 - INFO - run: 137 - Копируемые файлы: 7.tiff, IMG 7.jpg
2023-04-23 15:34:43,339 - INFO - run: 110 - Бежим по 00123457
2023-04-23 15:34:43,341 - INFO - run: 137 - Копируемые файлы: 8.tiff, IMG 8.jpg
2023-04-23 15:34:43,342 - INFO - run: 110 - Бежим по 00123458
2023-04-23 15:34:43,344 - INFO - run: 137 - Копируемые файлы: 9.tiff, IMG 9.jpg
2023-04-23 15:34:43,345 - INFO - run: 108 - Бежим по сетевой фильтр
2023-04-23 15:34:43,345 - INFO - run: 110 - Бежим по 2zxferdfg23534dfg
2023-04-23 15:34:43,347 - INFO - run: 137 - Копируемые файлы: 10.tiff, IMG 10.jpg
2023-04-23 15:34:43,349 - INFO - run: 110 - Бежим по 2zxferdfg23534dfh
2023-04-23 15:34:43,350 - INFO - run: 137 - Копируемые файлы: 11.tiff, IMG 11.jpg
2023-04-23 15:34:43,352 - INFO - run: 110 - Бежим по 2zxferdfg23534dfq
2023-04-23 15:34:43,354 - INFO - run: 137 - Копируемые файлы: 12.tiff, IMG 12.jpg
2023-04-23 15:34:43,355 - INFO - run: 108 - Бежим по типовой монитор
2023-04-23 15:34:43,355 - INFO - run: 110 - Бежим по 00111223
2023-04-23 15:34:43,357 - INFO - run: 137 - Копируемые файлы: 13.tiff, IMG 13.jpg
2023-04-23 15:34:43,358 - INFO - run: 110 - Бежим по 00111224
2023-04-23 15:34:43,360 - INFO - run: 137 - Копируемые файлы: 14.tiff, IMG 14.jpg
2023-04-23 15:34:43,361 - INFO - run: 110 - Бежим по 00111225
2023-04-23 15:34:43,363 - INFO - run: 137 - Копируемые файлы: 15.tiff, IMG 15.jpg
2023-04-23 15:36:52,059 - INFO - run: 32 - 
******************************Новый прогон******************************

2023-04-23 15:36:52,060 - INFO - run: 33 - Начинаем процедуру сортировки файлов
2023-04-23 15:36:52,060 - INFO - run: 44 - Создаём структуру папок
2023-04-23 15:36:52,060 - INFO - run: 49 - Считываем файл выгрузки гк.xlsx
2023-04-23 15:36:52,532 - INFO - run: 61 - Создаём структуру для гк.xlsx
2023-04-23 15:36:52,542 - INFO - run: 90 - Файл гк.xlsx обработан
2023-04-23 15:36:52,542 - INFO - run: 98 - Бежим по файлам СП
2023-04-23 15:36:52,542 - INFO - run: 108 - Бежим по клавиатура
2023-04-23 15:36:52,543 - INFO - run: 110 - Бежим по kw134324fdg51
2023-04-23 15:36:52,545 - INFO - run: 137 - Копируемые файлы: 1.tiff, IMG 1.jpg
2023-04-23 15:36:52,546 - INFO - run: 110 - Бежим по kw134324fdg52
2023-04-23 15:36:52,548 - INFO - run: 137 - Копируемые файлы: 2.tiff, IMG 2.jpg
2023-04-23 15:36:52,549 - INFO - run: 110 - Бежим по kw134324fdg53
2023-04-23 15:36:52,551 - INFO - run: 137 - Копируемые файлы: 3.tiff, IMG 3.jpg
2023-04-23 15:36:52,552 - INFO - run: 108 - Бежим по мышь
2023-04-23 15:36:52,553 - INFO - run: 110 - Бежим по km134324fdg51
2023-04-23 15:36:52,554 - INFO - run: 137 - Копируемые файлы: 4.tiff, IMG 4.jpg
2023-04-23 15:36:52,556 - INFO - run: 110 - Бежим по km134324fdg52
2023-04-23 15:36:52,558 - INFO - run: 137 - Копируемые файлы: 5.tiff, IMG 5.jpg
2023-04-23 15:36:52,559 - INFO - run: 110 - Бежим по km134324fdg53
2023-04-23 15:36:52,561 - INFO - run: 137 - Копируемые файлы: 6.tiff, IMG 6.jpg
2023-04-23 15:36:52,562 - INFO - run: 108 - Бежим по пк
2023-04-23 15:36:52,562 - INFO - run: 110 - Бежим по 00123456
2023-04-23 15:36:52,564 - INFO - run: 137 - Копируемые файлы: 7.tiff, IMG 7.jpg
2023-04-23 15:36:52,566 - INFO - run: 110 - Бежим по 00123457
2023-04-23 15:36:52,567 - INFO - run: 137 - Копируемые файлы: 8.tiff, IMG 8.jpg
2023-04-23 15:36:52,569 - INFO - run: 110 - Бежим по 00123458
2023-04-23 15:36:52,570 - INFO - run: 137 - Копируемые файлы: 9.tiff, IMG 9.jpg
2023-04-23 15:36:52,572 - INFO - run: 108 - Бежим по сетевой фильтр
2023-04-23 15:36:52,572 - INFO - run: 110 - Бежим по 2zxferdfg23534dfg
2023-04-23 15:36:52,574 - INFO - run: 137 - Копируемые файлы: 10.tiff, IMG 10.jpg
2023-04-23 15:36:52,575 - INFO - run: 110 - Бежим по 2zxferdfg23534dfh
2023-04-23 15:36:52,577 - INFO - run: 137 - Копируемые файлы: 11.tiff, IMG 11.jpg
2023-04-23 15:36:52,578 - INFO - run: 110 - Бежим по 2zxferdfg23534dfq
2023-04-23 15:36:52,580 - INFO - run: 137 - Копируемые файлы: 12.tiff, IMG 12.jpg
2023-04-23 15:36:52,581 - INFO - run: 108 - Бежим по типовой монитор
2023-04-23 15:36:52,582 - INFO - run: 110 - Бежим по 00111223
2023-04-23 15:36:52,583 - INFO - run: 137 - Копируемые файлы: 13.tiff, IMG 13.jpg
2023-04-23 15:36:52,585 - INFO - run: 110 - Бежим по 00111224
2023-04-23 15:36:52,586 - INFO - run: 137 - Копируемые файлы: 14.tiff, IMG 14.jpg
2023-04-23 15:36:52,588 - INFO - run: 110 - Бежим по 00111225
2023-04-23 15:36:52,590 - INFO - run: 137 - Копируемые файлы: 15.tiff, IMG 15.jpg
2023-04-23 15:39:47,151 - INFO - run: 32 - 
******************************Новый прогон******************************

2023-04-23 15:39:47,151 - INFO - run: 33 - Начинаем процедуру сортировки файлов
2023-04-23 15:39:47,151 - INFO - run: 44 - Создаём структуру папок
2023-04-23 15:39:47,151 - INFO - run: 49 - Считываем файл выгрузки гк.xlsx
2023-04-23 15:39:47,619 - INFO - run: 61 - Создаём структуру для гк.xlsx
2023-04-23 15:39:47,629 - INFO - run: 90 - Файл гк.xlsx обработан
2023-04-23 15:39:47,629 - INFO - run: 98 - Бежим по файлам СП
2023-04-23 15:39:47,630 - INFO - run: 108 - Бежим по клавиатура
2023-04-23 15:39:47,630 - INFO - run: 110 - Бежим по kw134324fdg51
2023-04-23 15:39:47,632 - INFO - run: 137 - Копируемые файлы: 1.tiff, IMG 1.jpg
2023-04-23 15:39:47,633 - INFO - run: 110 - Бежим по kw134324fdg52
2023-04-23 15:39:47,635 - INFO - run: 137 - Копируемые файлы: 2.tiff, IMG 2.jpg
2023-04-23 15:39:47,636 - INFO - run: 110 - Бежим по kw134324fdg53
2023-04-23 15:39:47,638 - INFO - run: 137 - Копируемые файлы: 3.tiff, IMG 3.jpg
2023-04-23 15:39:47,639 - INFO - run: 108 - Бежим по мышь
2023-04-23 15:39:47,639 - INFO - run: 110 - Бежим по km134324fdg51
2023-04-23 15:39:47,641 - INFO - run: 137 - Копируемые файлы: 4.tiff, IMG 4.jpg
2023-04-23 15:39:47,642 - INFO - run: 110 - Бежим по km134324fdg52
2023-04-23 15:39:47,644 - INFO - run: 137 - Копируемые файлы: 5.tiff, IMG 5.jpg
2023-04-23 15:39:47,645 - INFO - run: 110 - Бежим по km134324fdg53
2023-04-23 15:39:47,647 - INFO - run: 137 - Копируемые файлы: 6.tiff, IMG 6.jpg
2023-04-23 15:39:47,648 - INFO - run: 108 - Бежим по пк
2023-04-23 15:39:47,649 - INFO - run: 110 - Бежим по 00123456
2023-04-23 15:39:47,650 - INFO - run: 137 - Копируемые файлы: 7.tiff, IMG 7.jpg
2023-04-23 15:39:47,652 - INFO - run: 110 - Бежим по 00123457
2023-04-23 15:39:47,653 - INFO - run: 137 - Копируемые файлы: 8.tiff, IMG 8.jpg
2023-04-23 15:39:47,655 - INFO - run: 110 - Бежим по 00123458
2023-04-23 15:39:47,656 - INFO - run: 137 - Копируемые файлы: 9.tiff, IMG 9.jpg
2023-04-23 15:39:47,658 - INFO - run: 108 - Бежим по сетевой фильтр
2023-04-23 15:39:47,658 - INFO - run: 110 - Бежим по 2zxferdfg23534dfg
2023-04-23 15:39:47,660 - INFO - run: 137 - Копируемые файлы: 10.tiff, IMG 10.jpg
2023-04-23 15:39:47,661 - INFO - run: 110 - Бежим по 2zxferdfg23534dfh
2023-04-23 15:39:47,663 - INFO - run: 137 - Копируемые файлы: 11.tiff, IMG 11.jpg
2023-04-23 15:39:47,664 - INFO - run: 110 - Бежим по 2zxferdfg23534dfq
2023-04-23 15:39:47,666 - INFO - run: 137 - Копируемые файлы: 12.tiff, IMG 12.jpg
2023-04-23 15:39:47,667 - INFO - run: 108 - Бежим по типовой монитор
2023-04-23 15:39:47,667 - INFO - run: 110 - Бежим по 00111223
2023-04-23 15:39:47,669 - INFO - run: 137 - Копируемые файлы: 13.tiff, IMG 13.jpg
2023-04-23 15:39:47,670 - INFO - run: 110 - Бежим по 00111224
2023-04-23 15:39:47,672 - INFO - run: 137 - Копируемые файлы: 14.tiff, IMG 14.jpg
2023-04-23 15:39:47,673 - INFO - run: 110 - Бежим по 00111225
2023-04-23 15:39:47,675 - INFO - run: 137 - Копируемые файлы: 15.tiff, IMG 15.jpg
2023-04-23 15:39:47,678 - INFO - run: 205 - Готово
2023-04-23 15:39:47,678 - INFO - run: 206 - 
******************************Конец работы******************************

2023-04-23 15:40:40,829 - INFO - run: 32 - 
******************************Новый прогон******************************

2023-04-23 15:40:40,829 - INFO - run: 33 - Начинаем процедуру сортировки файлов
2023-04-23 15:40:40,829 - INFO - run: 42 - Такая папка уже есть D:\Python\Project_SP\тесты\конец\Номер ГК
2023-04-23 15:40:40,830 - INFO - run: 44 - Создаём структуру папок
2023-04-23 15:40:40,830 - INFO - run: 49 - Считываем файл выгрузки гк.xlsx
2023-04-23 15:40:41,295 - INFO - run: 61 - Создаём структуру для гк.xlsx
2023-04-23 15:40:41,301 - INFO - run: 90 - Файл гк.xlsx обработан
2023-04-23 15:40:41,302 - INFO - run: 98 - Бежим по файлам СП
2023-04-23 15:40:41,302 - INFO - run: 108 - Бежим по клавиатура
2023-04-23 15:40:41,302 - INFO - run: 110 - Бежим по kw134324fdg51
2023-04-23 15:40:41,304 - INFO - run: 137 - Копируемые файлы: 1.tiff, IMG 1.jpg
2023-04-23 15:40:41,304 - INFO - run: 143 - Файлы, присутствующие в папке D:\Python\Project_SP\тесты\конец\Номер ГК\Орион\00111215 В\5: 1.tiff, IMG 1.jpg
2023-04-23 15:40:41,305 - INFO - run: 145 - Спрашиваем что делать
2023-04-23 15:40:42,751 - INFO - run: 110 - Бежим по kw134324fdg52
2023-04-23 15:40:42,752 - INFO - run: 137 - Копируемые файлы: 2.tiff, IMG 2.jpg
2023-04-23 15:40:42,753 - INFO - run: 143 - Файлы, присутствующие в папке D:\Python\Project_SP\тесты\конец\Номер ГК\Орион\00111214 В\5: 2.tiff, IMG 2.jpg
2023-04-23 15:40:42,753 - INFO - run: 145 - Спрашиваем что делать
2023-04-23 15:40:43,359 - INFO - run: 110 - Бежим по kw134324fdg53
2023-04-23 15:40:43,361 - INFO - run: 137 - Копируемые файлы: 3.tiff, IMG 3.jpg
2023-04-23 15:40:43,362 - INFO - run: 143 - Файлы, присутствующие в папке D:\Python\Project_SP\тесты\конец\Номер ГК\Орион\00111213 В\5: 3.tiff, IMG 3.jpg
2023-04-23 15:40:43,362 - INFO - run: 145 - Спрашиваем что делать
2023-04-23 15:40:43,830 - INFO - run: 108 - Бежим по мышь
2023-04-23 15:40:43,831 - INFO - run: 110 - Бежим по km134324fdg51
2023-04-23 15:40:43,832 - INFO - run: 137 - Копируемые файлы: 4.tiff, IMG 4.jpg
2023-04-23 15:40:43,833 - INFO - run: 143 - Файлы, присутствующие в папке D:\Python\Project_SP\тесты\конец\Номер ГК\Орион\00111215 В\4: 4.tiff, IMG 4.jpg
2023-04-23 15:40:43,833 - INFO - run: 145 - Спрашиваем что делать
2023-04-23 15:40:44,299 - INFO - run: 110 - Бежим по km134324fdg52
2023-04-23 15:40:44,301 - INFO - run: 137 - Копируемые файлы: 5.tiff, IMG 5.jpg
2023-04-23 15:40:44,301 - INFO - run: 143 - Файлы, присутствующие в папке D:\Python\Project_SP\тесты\конец\Номер ГК\Орион\00111214 В\4: 5.tiff, IMG 5.jpg
2023-04-23 15:40:44,301 - INFO - run: 145 - Спрашиваем что делать
2023-04-23 15:40:44,835 - INFO - run: 110 - Бежим по km134324fdg53
2023-04-23 15:40:44,836 - INFO - run: 137 - Копируемые файлы: 6.tiff, IMG 6.jpg
2023-04-23 15:40:44,837 - INFO - run: 143 - Файлы, присутствующие в папке D:\Python\Project_SP\тесты\конец\Номер ГК\Орион\00111213 В\4: 6.tiff, IMG 6.jpg
2023-04-23 15:40:44,837 - INFO - run: 145 - Спрашиваем что делать
2023-04-23 15:40:45,388 - INFO - run: 108 - Бежим по пк
2023-04-23 15:40:45,388 - INFO - run: 110 - Бежим по 00123456
2023-04-23 15:40:45,390 - INFO - run: 137 - Копируемые файлы: 7.tiff, IMG 7.jpg
2023-04-23 15:40:45,391 - INFO - run: 143 - Файлы, присутствующие в папке D:\Python\Project_SP\тесты\конец\Номер ГК\Орион\00111213 В\1: 7.tiff, IMG 7.jpg
2023-04-23 15:40:45,391 - INFO - run: 145 - Спрашиваем что делать
2023-04-23 15:40:46,508 - INFO - run: 110 - Бежим по 00123457
2023-04-23 15:40:46,510 - INFO - run: 137 - Копируемые файлы: 8.tiff, IMG 8.jpg
2023-04-23 15:40:46,510 - INFO - run: 143 - Файлы, присутствующие в папке D:\Python\Project_SP\тесты\конец\Номер ГК\Орион\00111214 В\1: 8.tiff, IMG 8.jpg
2023-04-23 15:40:46,510 - INFO - run: 145 - Спрашиваем что делать
2023-04-23 15:40:48,421 - INFO - run: 110 - Бежим по 00123458
2023-04-23 15:40:48,422 - INFO - run: 137 - Копируемые файлы: 9.tiff, IMG 9.jpg
2023-04-23 15:40:48,423 - INFO - run: 143 - Файлы, присутствующие в папке D:\Python\Project_SP\тесты\конец\Номер ГК\Орион\00111215 В\1: 9.tiff, IMG 9.jpg
2023-04-23 15:40:48,423 - INFO - run: 145 - Спрашиваем что делать
2023-04-23 15:40:49,051 - INFO - run: 108 - Бежим по сетевой фильтр
2023-04-23 15:40:49,051 - INFO - run: 110 - Бежим по 2zxferdfg23534dfg
2023-04-23 15:40:49,053 - INFO - run: 137 - Копируемые файлы: 10.tiff, IMG 10.jpg
2023-04-23 15:40:49,054 - INFO - run: 143 - Файлы, присутствующие в папке D:\Python\Project_SP\тесты\конец\Номер ГК\Орион\00111213 В\3: 10.tiff, IMG 10.jpg
2023-04-23 15:40:49,054 - INFO - run: 145 - Спрашиваем что делать
2023-04-23 15:40:50,748 - INFO - run: 110 - Бежим по 2zxferdfg23534dfh
2023-04-23 15:40:50,750 - INFO - run: 137 - Копируемые файлы: 11.tiff, IMG 11.jpg
2023-04-23 15:40:50,750 - INFO - run: 143 - Файлы, присутствующие в папке D:\Python\Project_SP\тесты\конец\Номер ГК\Орион\00111215 В\3: 11.tiff, IMG 11.jpg
2023-04-23 15:40:50,750 - INFO - run: 145 - Спрашиваем что делать
2023-04-23 15:40:51,372 - INFO - run: 110 - Бежим по 2zxferdfg23534dfq
2023-04-23 15:40:51,374 - INFO - run: 137 - Копируемые файлы: 12.tiff, IMG 12.jpg
2023-04-23 15:40:51,375 - INFO - run: 143 - Файлы, присутствующие в папке D:\Python\Project_SP\тесты\конец\Номер ГК\Орион\00111214 В\3: 12.tiff, IMG 12.jpg
2023-04-23 15:40:51,375 - INFO - run: 145 - Спрашиваем что делать
2023-04-23 15:40:51,939 - INFO - run: 108 - Бежим по типовой монитор
2023-04-23 15:40:51,940 - INFO - run: 110 - Бежим по 00111223
2023-04-23 15:40:51,942 - INFO - run: 137 - Копируемые файлы: 13.tiff, IMG 13.jpg
2023-04-23 15:40:51,942 - INFO - run: 143 - Файлы, присутствующие в папке D:\Python\Project_SP\тесты\конец\Номер ГК\Орион\00111213 В\2: 13.tiff, IMG 13.jpg
2023-04-23 15:40:51,942 - INFO - run: 145 - Спрашиваем что делать
2023-04-23 15:40:52,564 - INFO - run: 110 - Бежим по 00111224
2023-04-23 15:40:52,566 - INFO - run: 137 - Копируемые файлы: 14.tiff, IMG 14.jpg
2023-04-23 15:40:52,566 - INFO - run: 143 - Файлы, присутствующие в папке D:\Python\Project_SP\тесты\конец\Номер ГК\Орион\00111214 В\2: 14.tiff, IMG 14.jpg
2023-04-23 15:40:52,566 - INFO - run: 145 - Спрашиваем что делать
2023-04-23 15:40:53,204 - INFO - run: 110 - Бежим по 00111225
2023-04-23 15:40:53,206 - INFO - run: 137 - Копируемые файлы: 15.tiff, IMG 15.jpg
2023-04-23 15:40:53,206 - INFO - run: 143 - Файлы, присутствующие в папке D:\Python\Project_SP\тесты\конец\Номер ГК\Орион\00111215 В\2: 15.tiff, IMG 15.jpg
2023-04-23 15:40:53,206 - INFO - run: 145 - Спрашиваем что делать
2023-04-23 15:42:17,023 - INFO - run: 32 - 
******************************Новый прогон******************************

2023-04-23 15:42:17,024 - INFO - run: 33 - Начинаем процедуру сортировки файлов
2023-04-23 15:42:17,024 - INFO - run: 42 - Такая папка уже есть D:\Python\Project_SP\тесты\конец\Номер ГК
2023-04-23 15:42:17,024 - INFO - run: 44 - Создаём структуру папок
2023-04-23 15:42:17,024 - INFO - run: 49 - Считываем файл выгрузки гк.xlsx
2023-04-23 15:42:17,497 - INFO - run: 61 - Создаём структуру для гк.xlsx
2023-04-23 15:42:17,503 - INFO - run: 90 - Файл гк.xlsx обработан
2023-04-23 15:42:17,503 - INFO - run: 98 - Бежим по файлам СП
2023-04-23 15:42:17,503 - INFO - run: 108 - Бежим по клавиатура
2023-04-23 15:42:17,504 - INFO - run: 110 - Бежим по kw134324fdg51
2023-04-23 15:42:17,506 - INFO - run: 137 - Копируемые файлы: 1.tiff, IMG 1.jpg
2023-04-23 15:42:17,506 - INFO - run: 143 - Файлы, присутствующие в папке D:\Python\Project_SP\тесты\конец\Номер ГК\Орион\00111215 В\5: 1.tiff, IMG 1.jpg
2023-04-23 15:42:17,506 - INFO - run: 145 - Спрашиваем что делать
2023-04-23 15:42:18,762 - INFO - run: 110 - Бежим по kw134324fdg52
2023-04-23 15:42:18,764 - INFO - run: 137 - Копируемые файлы: 2.tiff, IMG 2.jpg
2023-04-23 15:42:18,764 - INFO - run: 143 - Файлы, присутствующие в папке D:\Python\Project_SP\тесты\конец\Номер ГК\Орион\00111214 В\5: 2.tiff, IMG 2.jpg
2023-04-23 15:42:18,764 - INFO - run: 145 - Спрашиваем что делать
2023-04-23 15:42:19,224 - INFO - run: 110 - Бежим по kw134324fdg53
2023-04-23 15:42:19,226 - INFO - run: 137 - Копируемые файлы: 3.tiff, IMG 3.jpg
2023-04-23 15:42:19,227 - INFO - run: 143 - Файлы, присутствующие в папке D:\Python\Project_SP\тесты\конец\Номер ГК\Орион\00111213 В\5: 3.tiff, IMG 3.jpg
2023-04-23 15:42:19,227 - INFO - run: 145 - Спрашиваем что делать
2023-04-23 15:42:19,592 - INFO - run: 108 - Бежим по мышь
2023-04-23 15:42:19,593 - INFO - run: 110 - Бежим по km134324fdg51
2023-04-23 15:42:19,595 - INFO - run: 137 - Копируемые файлы: 4.tiff, IMG 4.jpg
2023-04-23 15:42:19,595 - INFO - run: 143 - Файлы, присутствующие в папке D:\Python\Project_SP\тесты\конец\Номер ГК\Орион\00111215 В\4: 4.tiff, IMG 4.jpg
2023-04-23 15:42:19,595 - INFO - run: 145 - Спрашиваем что делать
2023-04-23 15:42:19,873 - INFO - run: 110 - Бежим по km134324fdg52
2023-04-23 15:42:19,875 - INFO - run: 137 - Копируемые файлы: 5.tiff, IMG 5.jpg
2023-04-23 15:42:19,876 - INFO - run: 143 - Файлы, присутствующие в папке D:\Python\Project_SP\тесты\конец\Номер ГК\Орион\00111214 В\4: 5.tiff, IMG 5.jpg
2023-04-23 15:42:19,876 - INFO - run: 145 - Спрашиваем что делать
2023-04-23 15:42:20,113 - INFO - run: 110 - Бежим по km134324fdg53
2023-04-23 15:42:20,115 - INFO - run: 137 - Копируемые файлы: 6.tiff, IMG 6.jpg
2023-04-23 15:42:20,115 - INFO - run: 143 - Файлы, присутствующие в папке D:\Python\Project_SP\тесты\конец\Номер ГК\Орион\00111213 В\4: 6.tiff, IMG 6.jpg
2023-04-23 15:42:20,115 - INFO - run: 145 - Спрашиваем что делать
2023-04-23 15:42:20,458 - INFO - run: 108 - Бежим по пк
2023-04-23 15:42:20,458 - INFO - run: 110 - Бежим по 00123456
2023-04-23 15:42:20,460 - INFO - run: 137 - Копируемые файлы: 7.tiff, IMG 7.jpg
2023-04-23 15:42:20,460 - INFO - run: 143 - Файлы, присутствующие в папке D:\Python\Project_SP\тесты\конец\Номер ГК\Орион\00111213 В\1: 7.tiff, IMG 7.jpg
2023-04-23 15:42:20,460 - INFO - run: 145 - Спрашиваем что делать
2023-04-23 15:42:20,785 - INFO - run: 110 - Бежим по 00123457
2023-04-23 15:42:20,787 - INFO - run: 137 - Копируемые файлы: 8.tiff, IMG 8.jpg
2023-04-23 15:42:20,788 - INFO - run: 143 - Файлы, присутствующие в папке D:\Python\Project_SP\тесты\конец\Номер ГК\Орион\00111214 В\1: 8.tiff, IMG 8.jpg
2023-04-23 15:42:20,788 - INFO - run: 145 - Спрашиваем что делать
2023-04-23 15:42:20,992 - INFO - run: 110 - Бежим по 00123458
2023-04-23 15:42:20,995 - INFO - run: 137 - Копируемые файлы: 9.tiff, IMG 9.jpg
2023-04-23 15:42:20,995 - INFO - run: 143 - Файлы, присутствующие в папке D:\Python\Project_SP\тесты\конец\Номер ГК\Орион\00111215 В\1: 9.tiff, IMG 9.jpg
2023-04-23 15:42:20,995 - INFO - run: 145 - Спрашиваем что делать
2023-04-23 15:42:21,233 - INFO - run: 108 - Бежим по сетевой фильтр
2023-04-23 15:42:21,233 - INFO - run: 110 - Бежим по 2zxferdfg23534dfg
2023-04-23 15:42:21,235 - INFO - run: 137 - Копируемые файлы: 10.tiff, IMG 10.jpg
2023-04-23 15:42:21,235 - INFO - run: 143 - Файлы, присутствующие в папке D:\Python\Project_SP\тесты\конец\Номер ГК\Орион\00111213 В\3: 10.tiff, IMG 10.jpg
2023-04-23 15:42:21,236 - INFO - run: 145 - Спрашиваем что делать
2023-04-23 15:42:21,409 - INFO - run: 110 - Бежим по 2zxferdfg23534dfh
2023-04-23 15:42:21,411 - INFO - run: 137 - Копируемые файлы: 11.tiff, IMG 11.jpg
2023-04-23 15:42:21,412 - INFO - run: 143 - Файлы, присутствующие в папке D:\Python\Project_SP\тесты\конец\Номер ГК\Орион\00111215 В\3: 11.tiff, IMG 11.jpg
2023-04-23 15:42:21,412 - INFO - run: 145 - Спрашиваем что делать
2023-04-23 15:42:21,585 - INFO - run: 110 - Бежим по 2zxferdfg23534dfq
2023-04-23 15:42:21,587 - INFO - run: 137 - Копируемые файлы: 12.tiff, IMG 12.jpg
2023-04-23 15:42:21,588 - INFO - run: 143 - Файлы, присутствующие в папке D:\Python\Project_SP\тесты\конец\Номер ГК\Орион\00111214 В\3: 12.tiff, IMG 12.jpg
2023-04-23 15:42:21,588 - INFO - run: 145 - Спрашиваем что делать
2023-04-23 15:42:21,945 - INFO - run: 108 - Бежим по типовой монитор
2023-04-23 15:42:21,946 - INFO - run: 110 - Бежим по 00111223
2023-04-23 15:42:21,948 - INFO - run: 137 - Копируемые файлы: 13.tiff, IMG 13.jpg
2023-04-23 15:42:21,948 - INFO - run: 143 - Файлы, присутствующие в папке D:\Python\Project_SP\тесты\конец\Номер ГК\Орион\00111213 В\2: 13.tiff, IMG 13.jpg
2023-04-23 15:42:21,948 - INFO - run: 145 - Спрашиваем что делать
2023-04-23 15:42:22,233 - INFO - run: 110 - Бежим по 00111224
2023-04-23 15:42:22,235 - INFO - run: 137 - Копируемые файлы: 14.tiff, IMG 14.jpg
2023-04-23 15:42:22,236 - INFO - run: 143 - Файлы, присутствующие в папке D:\Python\Project_SP\тесты\конец\Номер ГК\Орион\00111214 В\2: 14.tiff, IMG 14.jpg
2023-04-23 15:42:22,236 - INFO - run: 145 - Спрашиваем что делать
2023-04-23 15:42:22,777 - INFO - run: 110 - Бежим по 00111225
2023-04-23 15:42:22,779 - INFO - run: 137 - Копируемые файлы: 15.tiff, IMG 15.jpg
2023-04-23 15:42:22,780 - INFO - run: 143 - Файлы, присутствующие в папке D:\Python\Project_SP\тесты\конец\Номер ГК\Орион\00111215 В\2: 15.tiff, IMG 15.jpg
2023-04-23 15:42:22,780 - INFO - run: 145 - Спрашиваем что делать
2023-04-23 15:42:23,282 - INFO - info_spk_copy: 171 - Перемещаем
D:\Python\Project_SP\тесты\начало\info_00111213.docx\info_00111213.docx
в
D:\Python\Project_SP\тесты\конец\Номер ГК\Орион\00111213 В
2023-04-23 15:42:23,282 - ERROR - run: 211 - [WinError 5] Отказано в доступе: 'D:\\Python\\Project_SP\\тесты\\начало\\Инфо\\info_00111213.docx' -> 'D:\\Python\\Project_SP\\тесты\\конец\\Номер ГК\\Орион\\00111213 В'
2023-04-23 15:42:23,291 - ERROR - run: 212 - Traceback (most recent call last):
  File "D:\Python\Project_SP\sorting.py", line 200, in run
    info_spk_copy(pathlib.Path(self.path_material_sp, name_info), name_info)
  File "D:\Python\Project_SP\sorting.py", line 194, in info_spk_copy
    str(file_info_spk)).replace(pathlib.Path(self.path_finish_folder,
  File "C:\Users\Anton\AppData\Local\Programs\Python\Python310\lib\pathlib.py", line 1247, in replace
    self._accessor.replace(self, target)
PermissionError: [WinError 5] Отказано в доступе: 'D:\\Python\\Project_SP\\тесты\\начало\\Инфо\\info_00111213.docx' -> 'D:\\Python\\Project_SP\\тесты\\конец\\Номер ГК\\Орион\\00111213 В'

2023-04-23 15:42:23,292 - INFO - run: 213 - 
******************************Конец работы******************************

2023-04-23 15:46:00,736 - INFO - run: 32 - 
******************************Новый прогон******************************

2023-04-23 15:46:00,737 - INFO - run: 33 - Начинаем процедуру сортировки файлов
2023-04-23 15:46:00,737 - INFO - run: 42 - Такая папка уже есть D:\Python\Project_SP\тесты\конец\Номер ГК
2023-04-23 15:46:00,737 - INFO - run: 44 - Создаём структуру папок
2023-04-23 15:46:00,737 - INFO - run: 49 - Считываем файл выгрузки гк.xlsx
2023-04-23 15:46:01,218 - INFO - run: 61 - Создаём структуру для гк.xlsx
2023-04-23 15:46:01,224 - INFO - run: 90 - Файл гк.xlsx обработан
2023-04-23 15:46:01,224 - INFO - run: 98 - Бежим по файлам СП
2023-04-23 15:46:01,225 - INFO - run: 108 - Бежим по клавиатура
2023-04-23 15:46:01,225 - INFO - run: 110 - Бежим по kw134324fdg51
2023-04-23 15:46:01,227 - INFO - run: 137 - Копируемые файлы: 1.tiff, IMG 1.jpg
2023-04-23 15:46:01,228 - INFO - run: 143 - Файлы, присутствующие в папке D:\Python\Project_SP\тесты\конец\Номер ГК\Орион\00111215 В\5: 1.tiff, IMG 1.jpg
2023-04-23 15:46:01,228 - INFO - run: 145 - Спрашиваем что делать
2023-04-23 15:46:03,295 - INFO - run: 110 - Бежим по kw134324fdg52
2023-04-23 15:46:03,297 - INFO - run: 137 - Копируемые файлы: 2.tiff, IMG 2.jpg
2023-04-23 15:46:03,298 - INFO - run: 143 - Файлы, присутствующие в папке D:\Python\Project_SP\тесты\конец\Номер ГК\Орион\00111214 В\5: 2.tiff, IMG 2.jpg
2023-04-23 15:46:03,298 - INFO - run: 145 - Спрашиваем что делать
2023-04-23 15:46:03,719 - INFO - run: 110 - Бежим по kw134324fdg53
2023-04-23 15:46:03,721 - INFO - run: 137 - Копируемые файлы: 3.tiff, IMG 3.jpg
2023-04-23 15:46:03,722 - INFO - run: 143 - Файлы, присутствующие в папке D:\Python\Project_SP\тесты\конец\Номер ГК\Орион\00111213 В\5: 3.tiff, IMG 3.jpg
2023-04-23 15:46:03,722 - INFO - run: 145 - Спрашиваем что делать
2023-04-23 15:46:03,967 - INFO - run: 108 - Бежим по мышь
2023-04-23 15:46:03,967 - INFO - run: 110 - Бежим по km134324fdg51
2023-04-23 15:46:03,969 - INFO - run: 137 - Копируемые файлы: 4.tiff, IMG 4.jpg
2023-04-23 15:46:03,969 - INFO - run: 143 - Файлы, присутствующие в папке D:\Python\Project_SP\тесты\конец\Номер ГК\Орион\00111215 В\4: 4.tiff, IMG 4.jpg
2023-04-23 15:46:03,970 - INFO - run: 145 - Спрашиваем что делать
2023-04-23 15:46:04,168 - INFO - run: 110 - Бежим по km134324fdg52
2023-04-23 15:46:04,169 - INFO - run: 137 - Копируемые файлы: 5.tiff, IMG 5.jpg
2023-04-23 15:46:04,170 - INFO - run: 143 - Файлы, присутствующие в папке D:\Python\Project_SP\тесты\конец\Номер ГК\Орион\00111214 В\4: 5.tiff, IMG 5.jpg
2023-04-23 15:46:04,170 - INFO - run: 145 - Спрашиваем что делать
2023-04-23 15:46:04,358 - INFO - run: 110 - Бежим по km134324fdg53
2023-04-23 15:46:04,360 - INFO - run: 137 - Копируемые файлы: 6.tiff, IMG 6.jpg
2023-04-23 15:46:04,361 - INFO - run: 143 - Файлы, присутствующие в папке D:\Python\Project_SP\тесты\конец\Номер ГК\Орион\00111213 В\4: 6.tiff, IMG 6.jpg
2023-04-23 15:46:04,361 - INFO - run: 145 - Спрашиваем что делать
2023-04-23 15:46:04,575 - INFO - run: 108 - Бежим по пк
2023-04-23 15:46:04,576 - INFO - run: 110 - Бежим по 00123456
2023-04-23 15:46:04,578 - INFO - run: 137 - Копируемые файлы: 7.tiff, IMG 7.jpg
2023-04-23 15:46:04,578 - INFO - run: 143 - Файлы, присутствующие в папке D:\Python\Project_SP\тесты\конец\Номер ГК\Орион\00111213 В\1: 7.tiff, IMG 7.jpg
2023-04-23 15:46:04,578 - INFO - run: 145 - Спрашиваем что делать
2023-04-23 15:46:04,895 - INFO - run: 110 - Бежим по 00123457
2023-04-23 15:46:04,897 - INFO - run: 137 - Копируемые файлы: 8.tiff, IMG 8.jpg
2023-04-23 15:46:04,898 - INFO - run: 143 - Файлы, присутствующие в папке D:\Python\Project_SP\тесты\конец\Номер ГК\Орион\00111214 В\1: 8.tiff, IMG 8.jpg
2023-04-23 15:46:04,898 - INFO - run: 145 - Спрашиваем что делать
2023-04-23 15:46:05,390 - INFO - run: 110 - Бежим по 00123458
2023-04-23 15:46:05,392 - INFO - run: 137 - Копируемые файлы: 9.tiff, IMG 9.jpg
2023-04-23 15:46:05,393 - INFO - run: 143 - Файлы, присутствующие в папке D:\Python\Project_SP\тесты\конец\Номер ГК\Орион\00111215 В\1: 9.tiff, IMG 9.jpg
2023-04-23 15:46:05,393 - INFO - run: 145 - Спрашиваем что делать
2023-04-23 15:46:05,856 - INFO - run: 108 - Бежим по сетевой фильтр
2023-04-23 15:46:05,856 - INFO - run: 110 - Бежим по 2zxferdfg23534dfg
2023-04-23 15:46:05,858 - INFO - run: 137 - Копируемые файлы: 10.tiff, IMG 10.jpg
2023-04-23 15:46:05,858 - INFO - run: 143 - Файлы, присутствующие в папке D:\Python\Project_SP\тесты\конец\Номер ГК\Орион\00111213 В\3: 10.tiff, IMG 10.jpg
2023-04-23 15:46:05,858 - INFO - run: 145 - Спрашиваем что делать
2023-04-23 15:46:06,393 - INFO - run: 110 - Бежим по 2zxferdfg23534dfh
2023-04-23 15:46:06,395 - INFO - run: 137 - Копируемые файлы: 11.tiff, IMG 11.jpg
2023-04-23 15:46:06,395 - INFO - run: 143 - Файлы, присутствующие в папке D:\Python\Project_SP\тесты\конец\Номер ГК\Орион\00111215 В\3: 11.tiff, IMG 11.jpg
2023-04-23 15:46:06,395 - INFO - run: 145 - Спрашиваем что делать
2023-04-23 15:46:06,809 - INFO - run: 110 - Бежим по 2zxferdfg23534dfq
2023-04-23 15:46:06,811 - INFO - run: 137 - Копируемые файлы: 12.tiff, IMG 12.jpg
2023-04-23 15:46:06,812 - INFO - run: 143 - Файлы, присутствующие в папке D:\Python\Project_SP\тесты\конец\Номер ГК\Орион\00111214 В\3: 12.tiff, IMG 12.jpg
2023-04-23 15:46:06,812 - INFO - run: 145 - Спрашиваем что делать
2023-04-23 15:46:07,215 - INFO - run: 108 - Бежим по типовой монитор
2023-04-23 15:46:07,215 - INFO - run: 110 - Бежим по 00111223
2023-04-23 15:46:07,217 - INFO - run: 137 - Копируемые файлы: 13.tiff, IMG 13.jpg
2023-04-23 15:46:07,217 - INFO - run: 143 - Файлы, присутствующие в папке D:\Python\Project_SP\тесты\конец\Номер ГК\Орион\00111213 В\2: 13.tiff, IMG 13.jpg
2023-04-23 15:46:07,217 - INFO - run: 145 - Спрашиваем что делать
2023-04-23 15:46:07,672 - INFO - run: 110 - Бежим по 00111224
2023-04-23 15:46:07,673 - INFO - run: 137 - Копируемые файлы: 14.tiff, IMG 14.jpg
2023-04-23 15:46:07,674 - INFO - run: 143 - Файлы, присутствующие в папке D:\Python\Project_SP\тесты\конец\Номер ГК\Орион\00111214 В\2: 14.tiff, IMG 14.jpg
2023-04-23 15:46:07,674 - INFO - run: 145 - Спрашиваем что делать
2023-04-23 15:46:08,201 - INFO - run: 110 - Бежим по 00111225
2023-04-23 15:46:08,203 - INFO - run: 137 - Копируемые файлы: 15.tiff, IMG 15.jpg
2023-04-23 15:46:08,204 - INFO - run: 143 - Файлы, присутствующие в папке D:\Python\Project_SP\тесты\конец\Номер ГК\Орион\00111215 В\2: 15.tiff, IMG 15.jpg
2023-04-23 15:46:08,204 - INFO - run: 145 - Спрашиваем что делать
2023-04-23 15:46:09,520 - INFO - info_spk_copy: 171 - Перемещаем
D:\Python\Project_SP\тесты\начало\info_00111213.docx\info_00111213.docx
в
D:\Python\Project_SP\тесты\конец\Номер ГК\Орион\info_00111213.docx
2023-04-23 15:46:09,521 - INFO - info_spk_copy: 171 - Перемещаем
D:\Python\Project_SP\тесты\начало\info_00111214.docx\info_00111214.docx
в
D:\Python\Project_SP\тесты\конец\Номер ГК\Орион\info_00111214.docx
2023-04-23 15:46:09,521 - INFO - info_spk_copy: 171 - Перемещаем
D:\Python\Project_SP\тесты\начало\info_00111215.docx\info_00111215.docx
в
D:\Python\Project_SP\тесты\конец\Номер ГК\Орион\info_00111215.docx
2023-04-23 15:46:09,522 - INFO - run: 204 - Готово
2023-04-23 15:46:09,522 - INFO - run: 205 - 
******************************Конец работы******************************

2023-04-23 15:48:52,964 - INFO - run: 32 - 
******************************Новый прогон******************************

2023-04-23 15:48:52,964 - INFO - run: 33 - Начинаем процедуру сортировки файлов
2023-04-23 15:48:52,964 - INFO - run: 44 - Создаём структуру папок
2023-04-23 15:48:52,965 - INFO - run: 49 - Считываем файл выгрузки гк.xlsx
2023-04-23 15:48:53,456 - INFO - run: 61 - Создаём структуру для гк.xlsx
2023-04-23 15:48:53,467 - INFO - run: 90 - Файл гк.xlsx обработан
2023-04-23 15:48:53,468 - INFO - run: 98 - Бежим по файлам СП
2023-04-23 15:48:53,468 - INFO - run: 108 - Бежим по клавиатура
2023-04-23 15:48:53,468 - INFO - run: 110 - Бежим по kw134324fdg51
2023-04-23 15:48:53,470 - INFO - run: 137 - Копируемые файлы: 1.tiff, IMG 1.jpg
2023-04-23 15:48:53,472 - INFO - run: 110 - Бежим по kw134324fdg52
2023-04-23 15:48:53,473 - INFO - run: 137 - Копируемые файлы: 2.tiff, IMG 2.jpg
2023-04-23 15:48:53,475 - INFO - run: 110 - Бежим по kw134324fdg53
2023-04-23 15:48:53,477 - INFO - run: 137 - Копируемые файлы: 3.tiff, IMG 3.jpg
2023-04-23 15:48:53,478 - INFO - run: 108 - Бежим по мышь
2023-04-23 15:48:53,478 - INFO - run: 110 - Бежим по km134324fdg51
2023-04-23 15:48:53,480 - INFO - run: 137 - Копируемые файлы: 4.tiff, IMG 4.jpg
2023-04-23 15:48:53,481 - INFO - run: 110 - Бежим по km134324fdg52
2023-04-23 15:48:53,483 - INFO - run: 137 - Копируемые файлы: 5.tiff, IMG 5.jpg
2023-04-23 15:48:53,485 - INFO - run: 110 - Бежим по km134324fdg53
2023-04-23 15:48:53,486 - INFO - run: 137 - Копируемые файлы: 6.tiff, IMG 6.jpg
2023-04-23 15:48:53,488 - INFO - run: 108 - Бежим по пк
2023-04-23 15:48:53,488 - INFO - run: 110 - Бежим по 00123456
2023-04-23 15:48:53,490 - INFO - run: 137 - Копируемые файлы: 7.tiff, IMG 7.jpg
2023-04-23 15:48:53,491 - INFO - run: 110 - Бежим по 00123457
2023-04-23 15:48:53,493 - INFO - run: 137 - Копируемые файлы: 8.tiff, IMG 8.jpg
2023-04-23 15:48:53,495 - INFO - run: 110 - Бежим по 00123458
2023-04-23 15:48:53,496 - INFO - run: 137 - Копируемые файлы: 9.tiff, IMG 9.jpg
2023-04-23 15:48:53,498 - INFO - run: 108 - Бежим по сетевой фильтр
2023-04-23 15:48:53,498 - INFO - run: 110 - Бежим по 2zxferdfg23534dfg
2023-04-23 15:48:53,500 - INFO - run: 137 - Копируемые файлы: 10.tiff, IMG 10.jpg
2023-04-23 15:48:53,501 - INFO - run: 110 - Бежим по 2zxferdfg23534dfh
2023-04-23 15:48:53,503 - INFO - run: 137 - Копируемые файлы: 11.tiff, IMG 11.jpg
2023-04-23 15:48:53,504 - INFO - run: 110 - Бежим по 2zxferdfg23534dfq
2023-04-23 15:48:53,506 - INFO - run: 137 - Копируемые файлы: 12.tiff, IMG 12.jpg
2023-04-23 15:48:53,508 - INFO - run: 108 - Бежим по типовой монитор
2023-04-23 15:48:53,508 - INFO - run: 110 - Бежим по 00111223
2023-04-23 15:48:53,510 - INFO - run: 137 - Копируемые файлы: 13.tiff, IMG 13.jpg
2023-04-23 15:48:53,512 - INFO - run: 110 - Бежим по 00111224
2023-04-23 15:48:53,513 - INFO - run: 137 - Копируемые файлы: 14.tiff, IMG 14.jpg
2023-04-23 15:48:53,515 - INFO - run: 110 - Бежим по 00111225
2023-04-23 15:48:53,516 - INFO - run: 137 - Копируемые файлы: 15.tiff, IMG 15.jpg
2023-04-23 15:48:53,518 - INFO - info_spk_copy: 171 - Перемещаем
D:\Python\Project_SP\тесты\начало\info_00111213.docx\info_00111213.docx
в
D:\Python\Project_SP\тесты\конец\Номер ГК\Орион\00111213 В\info_00111213.docx
2023-04-23 15:48:53,519 - INFO - info_spk_copy: 171 - Перемещаем
D:\Python\Project_SP\тесты\начало\info_00111214.docx\info_00111214.docx
в
D:\Python\Project_SP\тесты\конец\Номер ГК\Орион\00111214 В\info_00111214.docx
2023-04-23 15:48:53,520 - INFO - info_spk_copy: 171 - Перемещаем
D:\Python\Project_SP\тесты\начало\info_00111215.docx\info_00111215.docx
в
D:\Python\Project_SP\тесты\конец\Номер ГК\Орион\00111215 В\info_00111215.docx
2023-04-23 15:48:53,521 - INFO - run: 207 - Готово
2023-04-23 15:48:53,521 - INFO - run: 208 - 
******************************Конец работы******************************

2023-04-23 15:51:25,618 - INFO - run: 32 - 
******************************Новый прогон******************************

2023-04-23 15:51:25,619 - INFO - run: 33 - Начинаем процедуру сортировки файлов
2023-04-23 15:51:25,619 - INFO - run: 44 - Создаём структуру папок
2023-04-23 15:51:25,619 - INFO - run: 49 - Считываем файл выгрузки гк.xlsx
2023-04-23 15:51:26,094 - INFO - run: 61 - Создаём структуру для гк.xlsx
2023-04-23 15:51:26,104 - INFO - run: 90 - Файл гк.xlsx обработан
2023-04-23 15:51:26,104 - INFO - run: 98 - Бежим по файлам СП
2023-04-23 15:51:26,104 - INFO - run: 108 - Бежим по клавиатура
2023-04-23 15:51:26,104 - INFO - run: 110 - Бежим по kw134324fdg51
2023-04-23 15:51:26,106 - INFO - run: 137 - Копируемые файлы: 1.tiff, IMG 1.jpg
2023-04-23 15:51:26,108 - INFO - run: 110 - Бежим по kw134324fdg52
2023-04-23 15:51:26,110 - INFO - run: 137 - Копируемые файлы: 2.tiff, IMG 2.jpg
2023-04-23 15:51:26,111 - INFO - run: 110 - Бежим по kw134324fdg53
2023-04-23 15:51:26,113 - INFO - run: 137 - Копируемые файлы: 3.tiff, IMG 3.jpg
2023-04-23 15:51:26,114 - INFO - run: 108 - Бежим по мышь
2023-04-23 15:51:26,114 - INFO - run: 110 - Бежим по km134324fdg51
2023-04-23 15:51:26,116 - INFO - run: 137 - Копируемые файлы: 4.tiff, IMG 4.jpg
2023-04-23 15:51:26,117 - INFO - run: 110 - Бежим по km134324fdg52
2023-04-23 15:51:26,119 - INFO - run: 137 - Копируемые файлы: 5.tiff, IMG 5.jpg
2023-04-23 15:51:26,121 - INFO - run: 110 - Бежим по km134324fdg53
2023-04-23 15:51:26,122 - INFO - run: 137 - Копируемые файлы: 6.tiff, IMG 6.jpg
2023-04-23 15:51:26,124 - INFO - run: 108 - Бежим по пк
2023-04-23 15:51:26,124 - INFO - run: 110 - Бежим по 00123456
2023-04-23 15:51:26,126 - INFO - run: 137 - Копируемые файлы: 7.tiff, IMG 7.jpg
2023-04-23 15:51:26,127 - INFO - run: 110 - Бежим по 00123457
2023-04-23 15:51:26,129 - INFO - run: 137 - Копируемые файлы: 8.tiff, IMG 8.jpg
2023-04-23 15:51:26,130 - INFO - run: 110 - Бежим по 00123458
2023-04-23 15:51:26,132 - INFO - run: 137 - Копируемые файлы: 9.tiff, IMG 9.jpg
2023-04-23 15:51:26,133 - INFO - run: 108 - Бежим по сетевой фильтр
2023-04-23 15:51:26,133 - INFO - run: 110 - Бежим по 2zxferdfg23534dfg
2023-04-23 15:51:26,135 - INFO - run: 137 - Копируемые файлы: 10.tiff, IMG 10.jpg
2023-04-23 15:51:26,137 - INFO - run: 110 - Бежим по 2zxferdfg23534dfh
2023-04-23 15:51:26,138 - INFO - run: 137 - Копируемые файлы: 11.tiff, IMG 11.jpg
2023-04-23 15:51:26,140 - INFO - run: 110 - Бежим по 2zxferdfg23534dfq
2023-04-23 15:51:26,141 - INFO - run: 137 - Копируемые файлы: 12.tiff, IMG 12.jpg
2023-04-23 15:51:26,143 - INFO - run: 108 - Бежим по типовой монитор
2023-04-23 15:51:26,143 - INFO - run: 110 - Бежим по 00111223
2023-04-23 15:51:26,145 - INFO - run: 137 - Копируемые файлы: 13.tiff, IMG 13.jpg
2023-04-23 15:51:26,146 - INFO - run: 110 - Бежим по 00111224
2023-04-23 15:51:26,148 - INFO - run: 137 - Копируемые файлы: 14.tiff, IMG 14.jpg
2023-04-23 15:51:26,149 - INFO - run: 110 - Бежим по 00111225
2023-04-23 15:51:26,151 - INFO - run: 137 - Копируемые файлы: 15.tiff, IMG 15.jpg
2023-04-23 15:51:31,213 - INFO - info_spk_copy: 171 - Перемещаем
D:\Python\Project_SP\тесты\начало\info_00111213.docx\info_00111213.docx
в
D:\Python\Project_SP\тесты\конец\Номер ГК\Орион\00111213 В\info_00111213.docx
2023-04-23 15:51:32,020 - INFO - info_spk_copy: 171 - Перемещаем
D:\Python\Project_SP\тесты\начало\info_00111214.docx\info_00111214.docx
в
D:\Python\Project_SP\тесты\конец\Номер ГК\Орион\00111214 В\info_00111214.docx
2023-04-23 15:51:32,725 - INFO - info_spk_copy: 171 - Перемещаем
D:\Python\Project_SP\тесты\начало\info_00111215.docx\info_00111215.docx
в
D:\Python\Project_SP\тесты\конец\Номер ГК\Орион\00111215 В\info_00111215.docx
2023-04-23 15:52:09,037 - INFO - run: 32 - 
******************************Новый прогон******************************

2023-04-23 15:52:09,037 - INFO - run: 33 - Начинаем процедуру сортировки файлов
2023-04-23 15:52:09,038 - INFO - run: 44 - Создаём структуру папок
2023-04-23 15:52:09,038 - INFO - run: 49 - Считываем файл выгрузки гк.xlsx
2023-04-23 15:52:09,511 - INFO - run: 61 - Создаём структуру для гк.xlsx
2023-04-23 15:52:09,521 - INFO - run: 90 - Файл гк.xlsx обработан
2023-04-23 15:52:09,521 - INFO - run: 98 - Бежим по файлам СП
2023-04-23 15:52:09,521 - INFO - run: 108 - Бежим по клавиатура
2023-04-23 15:52:09,521 - INFO - run: 110 - Бежим по kw134324fdg51
2023-04-23 15:52:09,523 - INFO - run: 137 - Копируемые файлы: 1.tiff, IMG 1.jpg
2023-04-23 15:52:09,525 - INFO - run: 110 - Бежим по kw134324fdg52
2023-04-23 15:52:09,526 - INFO - run: 137 - Копируемые файлы: 2.tiff, IMG 2.jpg
2023-04-23 15:52:09,528 - INFO - run: 110 - Бежим по kw134324fdg53
2023-04-23 15:52:09,529 - INFO - run: 137 - Копируемые файлы: 3.tiff, IMG 3.jpg
2023-04-23 15:52:09,531 - INFO - run: 108 - Бежим по мышь
2023-04-23 15:52:09,531 - INFO - run: 110 - Бежим по km134324fdg51
2023-04-23 15:52:09,533 - INFO - run: 137 - Копируемые файлы: 4.tiff, IMG 4.jpg
2023-04-23 15:52:09,534 - INFO - run: 110 - Бежим по km134324fdg52
2023-04-23 15:52:09,536 - INFO - run: 137 - Копируемые файлы: 5.tiff, IMG 5.jpg
2023-04-23 15:52:09,537 - INFO - run: 110 - Бежим по km134324fdg53
2023-04-23 15:52:09,539 - INFO - run: 137 - Копируемые файлы: 6.tiff, IMG 6.jpg
2023-04-23 15:52:09,540 - INFO - run: 108 - Бежим по пк
2023-04-23 15:52:09,540 - INFO - run: 110 - Бежим по 00123456
2023-04-23 15:52:09,542 - INFO - run: 137 - Копируемые файлы: 7.tiff, IMG 7.jpg
2023-04-23 15:52:09,543 - INFO - run: 110 - Бежим по 00123457
2023-04-23 15:52:09,545 - INFO - run: 137 - Копируемые файлы: 8.tiff, IMG 8.jpg
2023-04-23 15:52:09,546 - INFO - run: 110 - Бежим по 00123458
2023-04-23 15:52:09,548 - INFO - run: 137 - Копируемые файлы: 9.tiff, IMG 9.jpg
2023-04-23 15:52:09,549 - INFO - run: 108 - Бежим по сетевой фильтр
2023-04-23 15:52:09,549 - INFO - run: 110 - Бежим по 2zxferdfg23534dfg
2023-04-23 15:52:09,552 - INFO - run: 137 - Копируемые файлы: 10.tiff, IMG 10.jpg
2023-04-23 15:52:09,553 - INFO - run: 110 - Бежим по 2zxferdfg23534dfh
2023-04-23 15:52:09,555 - INFO - run: 137 - Копируемые файлы: 11.tiff, IMG 11.jpg
2023-04-23 15:52:09,556 - INFO - run: 110 - Бежим по 2zxferdfg23534dfq
2023-04-23 15:52:09,558 - INFO - run: 137 - Копируемые файлы: 12.tiff, IMG 12.jpg
2023-04-23 15:52:09,559 - INFO - run: 108 - Бежим по типовой монитор
2023-04-23 15:52:09,560 - INFO - run: 110 - Бежим по 00111223
2023-04-23 15:52:09,561 - INFO - run: 137 - Копируемые файлы: 13.tiff, IMG 13.jpg
2023-04-23 15:52:09,563 - INFO - run: 110 - Бежим по 00111224
2023-04-23 15:52:09,564 - INFO - run: 137 - Копируемые файлы: 14.tiff, IMG 14.jpg
2023-04-23 15:52:09,566 - INFO - run: 110 - Бежим по 00111225
2023-04-23 15:52:09,567 - INFO - run: 137 - Копируемые файлы: 15.tiff, IMG 15.jpg
2023-04-23 15:52:09,569 - INFO - info_spk_copy: 171 - Перемещаем
D:\Python\Project_SP\тесты\начало\info_00111213.docx\info_00111213.docx
в
D:\Python\Project_SP\тесты\конец\Номер ГК\Орион\00111213 В\info_00111213.docx
2023-04-23 15:52:09,570 - INFO - info_spk_copy: 171 - Перемещаем
D:\Python\Project_SP\тесты\начало\info_00111214.docx\info_00111214.docx
в
D:\Python\Project_SP\тесты\конец\Номер ГК\Орион\00111214 В\info_00111214.docx
2023-04-23 15:52:09,571 - INFO - info_spk_copy: 171 - Перемещаем
D:\Python\Project_SP\тесты\начало\info_00111215.docx\info_00111215.docx
в
D:\Python\Project_SP\тесты\конец\Номер ГК\Орион\00111215 В\info_00111215.docx
2023-04-23 15:52:09,572 - INFO - info_spk_copy: 171 - Перемещаем
D:\Python\Project_SP\тесты\начало\SPK_00111213.txt\SPK_00111213.txt
в
D:\Python\Project_SP\тесты\конец\Номер ГК\Орион\00111213 В\SPK_00111213.txt
2023-04-23 15:52:09,573 - INFO - info_spk_copy: 171 - Перемещаем
D:\Python\Project_SP\тесты\начало\SPK_00111214.txt\SPK_00111214.txt
в
D:\Python\Project_SP\тесты\конец\Номер ГК\Орион\00111214 В\SPK_00111214.txt
2023-04-23 15:52:09,574 - INFO - info_spk_copy: 171 - Перемещаем
D:\Python\Project_SP\тесты\начало\SPK_00111215.txt\SPK_00111215.txt
в
D:\Python\Project_SP\тесты\конец\Номер ГК\Орион\00111215 В\SPK_00111215.txt
2023-04-23 15:52:09,575 - INFO - run: 207 - Готово
2023-04-23 15:52:09,575 - INFO - run: 208 - 
******************************Конец работы******************************

